[35m[1mConsolidate compiler generated dependencies of target uwrt_ros_gz_bridge[0m
[ 50%] [32mBuilding CXX object CMakeFiles/uwrt_ros_gz_bridge.dir/src/bridge.cpp.o[0m
[01m[K/home/hollis/osu-uwrt/riptide_software/src/riptide_gazebo/Assets/Plugins/uwrt_ros_gz/src/bridge.cpp:[m[K In member function â€˜[01m[Kvoid uwrt_ros_gz::BridgeNode::publishToGazebo()[m[Kâ€™:
[01m[K/home/hollis/osu-uwrt/riptide_software/src/riptide_gazebo/Assets/Plugins/uwrt_ros_gz/src/bridge.cpp:54:24:[m[K [01;31m[Kerror: [m[Kinvalid conversion from â€˜[01m[Kconst char*[m[Kâ€™ to â€˜[01m[Kgoogle::protobuf::uint32[m[Kâ€™ {aka â€˜[01m[Kunsigned int[m[Kâ€™} [[01;31m[K]8;;https://gcc.gnu.org/onlinedocs/gcc/Warning-Options.html#index-fpermissive-fpermissive]8;;[m[K]
   54 |             msg.set_id([01;31m[K"world"[m[K);
      |                        [01;31m[K^~~~~~~[m[K
      |                        [01;31m[K|[m[K
      |                        [01;31m[Kconst char*[m[K
In file included from [01m[K/usr/include/gz/msgs9/gz/msgs/pose.pb.h:17[m[K,
                 from [01m[K/usr/include/gz/msgs9/gz/msgs/details/actor.pb.h:37[m[K,
                 from [01m[K/usr/include/gz/msgs9/gz/msgs/actor.pb.h:17[m[K,
                 from [01m[K/usr/include/gz/msgs9/gz/msgs/MessageTypes.hh:31[m[K,
                 from [01m[K/usr/include/gz/msgs9/gz/msgs/Utility.hh:34[m[K,
                 from [01m[K/usr/include/gz/msgs9/gz/msgs.hh:27[m[K,
                 from [01m[K/home/hollis/osu-uwrt/riptide_software/src/riptide_gazebo/Assets/Plugins/uwrt_ros_gz/src/bridge.cpp:8[m[K:
[01m[K/usr/include/gz/msgs9/gz/msgs/details/pose.pb.h:479:58:[m[K [01;36m[Knote: [m[K  initializing argument 1 of â€˜[01m[Kvoid gz::msgs::Pose::set_id(google::protobuf::uint32)[m[Kâ€™
  479 | inline void Pose::set_id([01;36m[K::PROTOBUF_NAMESPACE_ID::uint32 value[m[K) {
      |                          [01;36m[K~~~~~~~~~~~~~~~~~~~~~~~~~~~~~~~~^~~~~[m[K
gmake[2]: *** [CMakeFiles/uwrt_ros_gz_bridge.dir/build.make:76: CMakeFiles/uwrt_ros_gz_bridge.dir/src/bridge.cpp.o] Error 1
gmake[1]: *** [CMakeFiles/Makefile2:137: CMakeFiles/uwrt_ros_gz_bridge.dir/all] Error 2
gmake: *** [Makefile:146: all] Error 2
