In file included from [01m[K/home/hollis/osu-uwrt/riptide_software/src/riptide_gazebo/Assets/Plugins/uwrt_gz/src/MoveEntity.cc:29[m[K:
[01m[K/home/hollis/osu-uwrt/riptide_software/src/riptide_gazebo/Assets/Plugins/uwrt_gz/src/MoveEntity.hh:36:5:[m[K [01;31m[Kerror: [m[Kexpected â€˜[01m[K{[m[Kâ€™ before â€˜[01m[Kpublic[m[Kâ€™
   36 |     [01;31m[Kpublic[m[K gz::sim::ISystemConfigure
      |     [01;31m[K^~~~~~[m[K
[01m[K/home/hollis/osu-uwrt/riptide_software/src/riptide_gazebo/Assets/Plugins/uwrt_gz/src/MoveEntity.hh:36:5:[m[K [01;31m[Kerror: [m[Kexpected unqualified-id before â€˜[01m[Kpublic[m[Kâ€™
In file included from [01m[K/usr/include/gz/plugin2/gz/plugin/Register.hh:22[m[K,
                 from [01m[K/home/hollis/osu-uwrt/riptide_software/src/riptide_gazebo/Assets/Plugins/uwrt_gz/src/MoveEntity.cc:26[m[K:
[01m[K/home/hollis/osu-uwrt/riptide_software/src/riptide_gazebo/Assets/Plugins/uwrt_gz/src/MoveEntity.cc:[m[K In constructor â€˜[01m[Kgz::plugin::{anonymous}::ExecuteWhenLoadingLibrary0::ExecuteWhenLoadingLibrary0()[m[Kâ€™:
[01m[K/home/hollis/osu-uwrt/riptide_software/src/riptide_gazebo/Assets/Plugins/uwrt_gz/src/MoveEntity.cc:36:30:[m[K [01;31m[Kerror: [m[Kincomplete type â€˜[01m[Kmove_entity::MoveEntity[m[Kâ€™ used in nested name specifier
   36 |     move_entity::MoveEntity::[01;31m[KISystemPostUpdate[m[K
      |                              [01;31m[K^~~~~~~~~~~~~~~~~[m[K
[01m[K/home/hollis/osu-uwrt/riptide_software/src/riptide_gazebo/Assets/Plugins/uwrt_gz/src/MoveEntity.cc:33:1:[m[K [01;31m[Kerror: [m[Ktemplate argument 3 is invalid
   33 | [01;31m[KGZ_ADD_PLUGIN[m[K(
      | [01;31m[K^~~~~~~~~~~~~[m[K
[01m[K/home/hollis/osu-uwrt/riptide_software/src/riptide_gazebo/Assets/Plugins/uwrt_gz/src/MoveEntity.cc:33:1:[m[K [01;31m[Kerror: [m[Kqualified-id in declaration before â€˜[01m[K([m[Kâ€™ token
   33 | [01;31m[KGZ_ADD_PLUGIN[m[K(
      | [01;31m[K^~~~~~~~~~~~~[m[K
[01m[K/home/hollis/osu-uwrt/riptide_software/src/riptide_gazebo/Assets/Plugins/uwrt_gz/src/MoveEntity.cc:[m[K At global scope:
[01m[K/home/hollis/osu-uwrt/riptide_software/src/riptide_gazebo/Assets/Plugins/uwrt_gz/src/MoveEntity.cc:44:52:[m[K [01;31m[Kerror: [m[Kinvalid use of incomplete type â€˜[01m[Kclass move_entity::MoveEntity[m[Kâ€™
   44 |     const gz::sim::EntityComponentManager &/*_ecm*/[01;31m[K)[m[K
      |                                                    [01;31m[K^[m[K
In file included from [01m[K/home/hollis/osu-uwrt/riptide_software/src/riptide_gazebo/Assets/Plugins/uwrt_gz/src/MoveEntity.cc:29[m[K:
[01m[K/home/hollis/osu-uwrt/riptide_software/src/riptide_gazebo/Assets/Plugins/uwrt_gz/src/MoveEntity.hh:33:9:[m[K [01;36m[Knote: [m[Kforward declaration of â€˜[01m[Kclass move_entity::MoveEntity[m[Kâ€™
   33 |   class [01;36m[KMoveEntity[m[K:
      |         [01;36m[K^~~~~~~~~~[m[K
[01m[K/home/hollis/osu-uwrt/riptide_software/src/riptide_gazebo/Assets/Plugins/uwrt_gz/src/MoveEntity.cc:60:41:[m[K [01;31m[Kerror: [m[Kinvalid use of incomplete type â€˜[01m[Kclass move_entity::MoveEntity[m[Kâ€™
   60 |     gz::sim::EventManager &/*_eventMgr*/[01;31m[K)[m[K
      |                                         [01;31m[K^[m[K
In file included from [01m[K/home/hollis/osu-uwrt/riptide_software/src/riptide_gazebo/Assets/Plugins/uwrt_gz/src/MoveEntity.cc:29[m[K:
[01m[K/home/hollis/osu-uwrt/riptide_software/src/riptide_gazebo/Assets/Plugins/uwrt_gz/src/MoveEntity.hh:33:9:[m[K [01;36m[Knote: [m[Kforward declaration of â€˜[01m[Kclass move_entity::MoveEntity[m[Kâ€™
   33 |   class [01;36m[KMoveEntity[m[K:
      |         [01;36m[K^~~~~~~~~~[m[K
gmake[2]: *** [CMakeFiles/MoveEntity.dir/build.make:76: CMakeFiles/MoveEntity.dir/src/MoveEntity.cc.o] Error 1
gmake[1]: *** [CMakeFiles/Makefile2:137: CMakeFiles/MoveEntity.dir/all] Error 2
gmake: *** [Makefile:146: all] Error 2
