[0.012s] Invoking command in '/home/hollis/osu-uwrt/riptide_software/src/riptide_gazebo/Assets/Plugins/build/uwrt_gz': CMAKE_PREFIX_PATH=${CMAKE_PREFIX_PATH}:/home/hollis/osu-uwrt/dependencies/install/microstrain_inertial_rqt:/home/hollis/osu-uwrt/dependencies/install/echo_video:/home/hollis/osu-uwrt/dependencies/install/camera_calibration:/home/hollis/osu-uwrt/riptide_software/install/riptide_teleop2:/home/hollis/osu-uwrt/riptide_software/install/riptide_rqt_plugins2:/home/hollis/osu-uwrt/riptide_software/install/riptide_hardware2:/home/hollis/osu-uwrt/riptide_software/install/riptide_controllers2:/home/hollis/osu-uwrt/riptide_software/install/riptide_mapping2:/home/hollis/osu-uwrt/riptide_software/install/riptide_localization2:/home/hollis/osu-uwrt/riptide_software/install/riptide_bringup2:/home/hollis/osu-uwrt/riptide_software/install/riptide_SNIB:/opt/ros/humble /usr/bin/cmake --build /home/hollis/osu-uwrt/riptide_software/src/riptide_gazebo/Assets/Plugins/build/uwrt_gz -- -j20 -l20
[0.039s] [35m[1mConsolidate compiler generated dependencies of target SampleSystem[0m
[0.051s] [ 50%] [32mBuilding CXX object CMakeFiles/SampleSystem.dir/src/SampleSystem.cpp.o[0m
[0.786s] [01m[K/home/hollis/osu-uwrt/riptide_software/src/riptide_gazebo/Assets/Plugins/uwrt_gz/src/SampleSystem.cpp:[m[K In member function â€˜[01m[Kvirtual void uwrt_gz::MyPlugin::PostUpdate(const gz::sim::v7::UpdateInfo&, const gz::sim::v7::EntityComponentManager&)[m[Kâ€™:
[0.787s] [01m[K/home/hollis/osu-uwrt/riptide_software/src/riptide_gazebo/Assets/Plugins/uwrt_gz/src/SampleSystem.cpp:22:68:[m[K [01;35m[Kwarning: [m[Kunused parameter â€˜[01m[K_ecm[m[Kâ€™ [[01;35m[K]8;;https://gcc.gnu.org/onlinedocs/gcc/Warning-Options.html#index-Wunused-parameter-Wunused-parameter]8;;[m[K]
[0.787s]    22 |                             [01;35m[Kconst gz::sim::EntityComponentManager &_ecm[m[K) override
[0.787s]       |                             [01;35m[K~~~~~~~~~~~~~~~~~~~~~~~~~~~~~~~~~~~~~~~^~~~[m[K
[0.858s] In file included from [01m[K/usr/include/gz/plugin2/gz/plugin/detail/Register.hh:26[m[K,
[0.858s]                  from [01m[K/usr/include/gz/plugin2/gz/plugin/Register.hh:22[m[K,
[0.858s]                  from [01m[K/home/hollis/osu-uwrt/riptide_software/src/riptide_gazebo/Assets/Plugins/uwrt_gz/src/SampleSystem.cpp:8[m[K:
[0.858s] /usr/include/gz/plugin2/gz/plugin/detail/Common.hh: In instantiation of â€˜[01m[Kgz::plugin::v1::Info gz::plugin::detail::MakeInfo() [with PluginClass = uwrt_gz::MyPlugin; Interfaces = {gz::sim::v7::System, gz::sim::v7::ISystemConfigure, gz::sim::v7::ISystemPostUpdate}][m[Kâ€™:
[0.858s] [01m[K/usr/include/gz/plugin2/gz/plugin/detail/Register.hh:257:59:[m[K   required from â€˜[01m[Kstatic void gz::plugin::detail::Registrar<PluginClass, Interfaces>::Register() [with PluginClass = uwrt_gz::MyPlugin; Interfaces = {gz::sim::v7::System, gz::sim::v7::ISystemConfigure, gz::sim::v7::ISystemPostUpdate}][m[Kâ€™
[0.858s] [01m[K/home/hollis/osu-uwrt/riptide_software/src/riptide_gazebo/Assets/Plugins/uwrt_gz/src/SampleSystem.cpp:34:1:[m[K   required from here
[0.858s] [01m[K/usr/include/gz/plugin2/gz/plugin/detail/Common.hh:160:37:[m[K [01;31m[Kerror: [m[Kinvalid new-expression of abstract class type â€˜[01m[Kuwrt_gz::MyPlugin[m[Kâ€™
[0.858s]   160 |           return static_cast<void*>([01;31m[Knew PluginClass[m[K);
[0.858s]       |                                     [01;31m[K^~~~~~~~~~~~~~~[m[K
[0.858s] [01m[K/home/hollis/osu-uwrt/riptide_software/src/riptide_gazebo/Assets/Plugins/uwrt_gz/src/SampleSystem.cpp:14:9:[m[K [01;36m[Knote: [m[K  because the following virtual functions are pure within â€˜[01m[Kuwrt_gz::MyPlugin[m[Kâ€™:
[0.858s]    14 |   class [01;36m[KMyPlugin[m[K
[0.859s]       |         [01;36m[K^~~~~~~~[m[K
[0.859s] In file included from [01m[K/home/hollis/osu-uwrt/riptide_software/src/riptide_gazebo/Assets/Plugins/uwrt_gz/src/SampleSystem.cpp:4[m[K:
[0.859s] [01m[K/usr/include/gz/sim7/gz/sim/System.hh:96:28:[m[K [01;36m[Knote: [m[K    â€˜[01m[Kvirtual void gz::sim::v7::ISystemConfigure::Configure(const Entity&, const std::shared_ptr<const sdf::v13::Element>&, gz::sim::v7::EntityComponentManager&, gz::sim::v7::EventManager&)[m[Kâ€™
[0.859s]    96 |       public: virtual void [01;36m[KConfigure[m[K(
[0.859s]       |                            [01;36m[K^~~~~~~~~[m[K
[0.859s] In file included from [01m[K/usr/include/gz/plugin2/gz/plugin/detail/Register.hh:26[m[K,
[0.859s]                  from [01m[K/usr/include/gz/plugin2/gz/plugin/Register.hh:22[m[K,
[0.859s]                  from [01m[K/home/hollis/osu-uwrt/riptide_software/src/riptide_gazebo/Assets/Plugins/uwrt_gz/src/SampleSystem.cpp:8[m[K:
[0.859s] [01m[K/usr/include/gz/plugin2/gz/plugin/detail/Common.hh:148:22:[m[K [01;31m[Kerror: [m[Kno match for â€˜[01m[Koperator=[m[Kâ€™ (operand types are â€˜[01m[Kstd::function<void*()>[m[Kâ€™ and â€˜[01m[Kgz::plugin::detail::MakeInfo<uwrt_gz::MyPlugin, gz::sim::v7::System, gz::sim::v7::ISystemConfigure, gz::sim::v7::ISystemPostUpdate>()::<lambda()>[m[Kâ€™)
[0.859s]   148 |         [01;31m[Kinfo.factory = [=]()[m[K
[0.859s]       |         [01;31m[K~~~~~~~~~~~~~^~~~~~~[m[K
[0.859s]   149 | [01;31m[K        {[m[K
[0.859s]       |         [01;31m[K~[m[K             
[0.859s]   150 | [01;31m[K          // vvvvvvvvvvvvvvvvvvvvvvvv  READ ME  vvvvvvvvvvvvvvvvvvvvvvvvvvvvv[m[K
[0.859s]       |           [01;31m[K~~~~~~~~~~~~~~~~~~~~~~~~~~~~~~~~~~~~~~~~~~~~~~~~~~~~~~~~~~~~~~~~~~~[m[K
[0.859s]   151 | [01;31m[K          // If you get a compilation error here, then you are trying to[m[K
[0.860s]       |           [01;31m[K~~~~~~~~~~~~~~~~~~~~~~~~~~~~~~~~~~~~~~~~~~~~~~~~~~~~~~~~~~~~~~[m[K
[0.860s]   152 | [01;31m[K          // register an abstract class as a plugin, which is not allowed. To[m[K
[0.860s]       |           [01;31m[K~~~~~~~~~~~~~~~~~~~~~~~~~~~~~~~~~~~~~~~~~~~~~~~~~~~~~~~~~~~~~~~~~~~[m[K
[0.860s]   153 | [01;31m[K          // register a plugin class, every one if its virtual functions must[m[K
[0.860s]       |           [01;31m[K~~~~~~~~~~~~~~~~~~~~~~~~~~~~~~~~~~~~~~~~~~~~~~~~~~~~~~~~~~~~~~~~~~~[m[K
[0.860s]   154 | [01;31m[K          // have a definition.[m[K
[0.860s]       |           [01;31m[K~~~~~~~~~~~~~~~~~~~~~[m[K
[0.860s]   155 | [01;31m[K          //[m[K
[0.860s]       |           [01;31m[K~~[m[K          
[0.860s]   156 | [01;31m[K          // Read through the error produced by your compiler to see which[m[K
[0.860s]       |           [01;31m[K~~~~~~~~~~~~~~~~~~~~~~~~~~~~~~~~~~~~~~~~~~~~~~~~~~~~~~~~~~~~~~~~[m[K
[0.860s]   157 | [01;31m[K          // pure virtual functions you are neglecting to provide overrides[m[K
[0.860s]       |           [01;31m[K~~~~~~~~~~~~~~~~~~~~~~~~~~~~~~~~~~~~~~~~~~~~~~~~~~~~~~~~~~~~~~~~~[m[K
[0.860s]   158 | [01;31m[K          // for.[m[K
[0.860s]       |           [01;31m[K~~~~~~~[m[K     
[0.860s]   159 | [01;31m[K          // ^^^^^^^^^^^^^ READ ABOVE FOR COMPILATION ERRORS ^^^^^^^^^^^^^^^^[m[K
[0.860s]       |           [01;31m[K~~~~~~~~~~~~~~~~~~~~~~~~~~~~~~~~~~~~~~~~~~~~~~~~~~~~~~~~~~~~~~~~~~~[m[K
[0.860s]   160 | [01;31m[K          return static_cast<void*>(new PluginClass);[m[K
[0.860s]       |           [01;31m[K~~~~~~~~~~~~~~~~~~~~~~~~~~~~~~~~~~~~~~~~~~~[m[K
[0.860s]   161 | [01;31m[K        }[m[K;
[0.860s]       |         [01;31m[K~[m[K             
[0.860s] In file included from [01m[K/usr/include/c++/11/functional:59[m[K,
[0.860s]                  from [01m[K/usr/include/c++/11/pstl/glue_algorithm_defs.h:13[m[K,
[0.860s]                  from [01m[K/usr/include/c++/11/algorithm:74[m[K,
[0.860s]                  from [01m[K/usr/include/google/protobuf/stubs/common.h:38[m[K,
[0.860s]                  from [01m[K/usr/include/google/protobuf/io/coded_stream.h:141[m[K,
[0.860s]                  from [01m[K/usr/include/gz/msgs9/gz/msgs/details/serialized.pb.h:23[m[K,
[0.860s]                  from [01m[K/usr/include/gz/msgs9/gz/msgs/serialized.pb.h:17[m[K,
[0.860s]                  from [01m[K/usr/include/gz/sim7/gz/sim/EntityComponentManager.hh:20[m[K,
[0.860s]                  from [01m[K/usr/include/gz/sim7/gz/sim/System.hh:23[m[K,
[0.860s]                  from [01m[K/home/hollis/osu-uwrt/riptide_software/src/riptide_gazebo/Assets/Plugins/uwrt_gz/src/SampleSystem.cpp:4[m[K:
[0.860s] [01m[K/usr/include/c++/11/bits/std_function.h:530:9:[m[K [01;36m[Knote: [m[Kcandidate: â€˜[01m[Ktemplate<class _Functor> std::function<_Res(_ArgTypes ...)>::_Requires<std::function<_Res(_ArgTypes ...)>::_Callable<_Functor>, std::function<_Res(_ArgTypes ...)>&> std::function<_Res(_ArgTypes ...)>::operator=(_Functor&&) [with _Functor = _Functor; _Res = void*; _ArgTypes = {}][m[Kâ€™
[0.861s]   530 |         [01;36m[Koperator[m[K=(_Functor&& __f)
[0.861s]       |         [01;36m[K^~~~~~~~[m[K
[0.861s] [01m[K/usr/include/c++/11/bits/std_function.h:530:9:[m[K [01;36m[Knote: [m[K  template argument deduction/substitution failed:
[0.861s] In file included from [01m[K/usr/include/c++/11/bits/move.h:57[m[K,
[0.861s]                  from [01m[K/usr/include/c++/11/bits/stl_pair.h:59[m[K,
[0.861s]                  from [01m[K/usr/include/c++/11/bits/stl_algobase.h:64[m[K,
[0.861s]                  from [01m[K/usr/include/c++/11/bits/char_traits.h:39[m[K,
[0.861s]                  from [01m[K/usr/include/c++/11/string:40[m[K,
[0.861s]                  from [01m[K/home/hollis/osu-uwrt/riptide_software/src/riptide_gazebo/Assets/Plugins/uwrt_gz/src/SampleSystem.cpp:1[m[K:
[0.861s] /usr/include/c++/11/type_traits: In substitution of â€˜[01m[Ktemplate<bool _Cond, class _Tp> using __enable_if_t = typename std::enable_if::type [with bool _Cond = false; _Tp = std::function<void*()>&][m[Kâ€™:
[0.861s] [01m[K/usr/include/c++/11/bits/std_function.h:353:8:[m[K   required by substitution of â€˜[01m[Ktemplate<class _Res, class ... _ArgTypes> template<class _Cond, class _Tp> using _Requires = std::__enable_if_t<_Cond::value, _Tp> [with _Cond = std::function<void*()>::_Callable<gz::plugin::detail::MakeInfo<uwrt_gz::MyPlugin, gz::sim::v7::System, gz::sim::v7::ISystemConfigure, gz::sim::v7::ISystemPostUpdate>()::<lambda()>, gz::plugin::detail::MakeInfo<uwrt_gz::MyPlugin, gz::sim::v7::System, gz::sim::v7::ISystemConfigure, gz::sim::v7::ISystemPostUpdate>()::<lambda()>, std::__invoke_result<gz::plugin::detail::MakeInfo<uwrt_gz::MyPlugin, gz::sim::v7::System, gz::sim::v7::ISystemConfigure, gz::sim::v7::ISystemPostUpdate>()::<lambda()>&> >; _Tp = std::function<void*()>&; _Res = void*; _ArgTypes = {}][m[Kâ€™
[0.861s] [01m[K/usr/include/c++/11/bits/std_function.h:530:2:[m[K   required by substitution of â€˜[01m[Ktemplate<class _Functor> std::function<void*()>::_Requires<std::function<void*()>::_Callable<_Functor, typename std::enable_if<(! std::is_same<typename std::remove_cv<typename std::remove_reference<_Tp>::type>::type, std::function<void*()> >::value), std::decay<_Tp> >::type::type, std::__invoke_result<typename std::enable_if<(! std::is_same<typename std::remove_cv<typename std::remove_reference<_Tp>::type>::type, std::function<void*()> >::value), std::decay<_Tp> >::type::type&> >, std::function<void*()>&> std::function<void*()>::operator=<_Functor>(_Functor&&) [with _Functor = gz::plugin::detail::MakeInfo<uwrt_gz::MyPlugin, gz::sim::v7::System, gz::sim::v7::ISystemConfigure, gz::sim::v7::ISystemPostUpdate>()::<lambda()>][m[Kâ€™
[0.861s] [01m[K/usr/include/gz/plugin2/gz/plugin/detail/Common.hh:148:22:[m[K   required from â€˜[01m[Kgz::plugin::v1::Info gz::plugin::detail::MakeInfo() [with PluginClass = uwrt_gz::MyPlugin; Interfaces = {gz::sim::v7::System, gz::sim::v7::ISystemConfigure, gz::sim::v7::ISystemPostUpdate}][m[Kâ€™
[0.861s] [01m[K/usr/include/gz/plugin2/gz/plugin/detail/Register.hh:257:59:[m[K   required from â€˜[01m[Kstatic void gz::plugin::detail::Registrar<PluginClass, Interfaces>::Register() [with PluginClass = uwrt_gz::MyPlugin; Interfaces = {gz::sim::v7::System, gz::sim::v7::ISystemConfigure, gz::sim::v7::ISystemPostUpdate}][m[Kâ€™
[0.861s] [01m[K/home/hollis/osu-uwrt/riptide_software/src/riptide_gazebo/Assets/Plugins/uwrt_gz/src/SampleSystem.cpp:34:1:[m[K   required from here
[0.861s] [01m[K/usr/include/c++/11/type_traits:2211:11:[m[K [01;31m[Kerror: [m[Kno type named â€˜[01m[Ktype[m[Kâ€™ in â€˜[01m[Kstruct std::enable_if<false, std::function<void*()>&>[m[Kâ€™
[0.861s]  2211 |     using [01;31m[K__enable_if_t[m[K = typename enable_if<_Cond, _Tp>::type;
[0.861s]       |           [01;31m[K^~~~~~~~~~~~~[m[K
[0.861s] In file included from [01m[K/usr/include/c++/11/functional:59[m[K,
[0.861s]                  from [01m[K/usr/include/c++/11/pstl/glue_algorithm_defs.h:13[m[K,
[0.861s]                  from [01m[K/usr/include/c++/11/algorithm:74[m[K,
[0.861s]                  from [01m[K/usr/include/google/protobuf/stubs/common.h:38[m[K,
[0.861s]                  from [01m[K/usr/include/google/protobuf/io/coded_stream.h:141[m[K,
[0.861s]                  from [01m[K/usr/include/gz/msgs9/gz/msgs/details/serialized.pb.h:23[m[K,
[0.861s]                  from [01m[K/usr/include/gz/msgs9/gz/msgs/serialized.pb.h:17[m[K,
[0.861s]                  from [01m[K/usr/include/gz/sim7/gz/sim/EntityComponentManager.hh:20[m[K,
[0.861s]                  from [01m[K/usr/include/gz/sim7/gz/sim/System.hh:23[m[K,
[0.861s]                  from [01m[K/home/hollis/osu-uwrt/riptide_software/src/riptide_gazebo/Assets/Plugins/uwrt_gz/src/SampleSystem.cpp:4[m[K:
[0.861s] /usr/include/gz/plugin2/gz/plugin/detail/Common.hh: In instantiation of â€˜[01m[Kgz::plugin::v1::Info gz::plugin::detail::MakeInfo() [with PluginClass = uwrt_gz::MyPlugin; Interfaces = {gz::sim::v7::System, gz::sim::v7::ISystemConfigure, gz::sim::v7::ISystemPostUpdate}][m[Kâ€™:
[0.861s] [01m[K/usr/include/gz/plugin2/gz/plugin/detail/Register.hh:257:59:[m[K   required from â€˜[01m[Kstatic void gz::plugin::detail::Registrar<PluginClass, Interfaces>::Register() [with PluginClass = uwrt_gz::MyPlugin; Interfaces = {gz::sim::v7::System, gz::sim::v7::ISystemConfigure, gz::sim::v7::ISystemPostUpdate}][m[Kâ€™
[0.861s] [01m[K/home/hollis/osu-uwrt/riptide_software/src/riptide_gazebo/Assets/Plugins/uwrt_gz/src/SampleSystem.cpp:34:1:[m[K   required from here
[0.861s] [01m[K/usr/include/c++/11/bits/std_function.h:540:9:[m[K [01;36m[Knote: [m[Kcandidate: â€˜[01m[Ktemplate<class _Functor> std::function<_Res(_ArgTypes ...)>& std::function<_Res(_ArgTypes ...)>::operator=(std::reference_wrapper<_Functor>) [with _Functor = _Functor; _Res = void*; _ArgTypes = {}][m[Kâ€™
[0.861s]   540 |         [01;36m[Koperator[m[K=(reference_wrapper<_Functor> __f) noexcept
[0.861s]       |         [01;36m[K^~~~~~~~[m[K
[0.862s] [01m[K/usr/include/c++/11/bits/std_function.h:540:9:[m[K [01;36m[Knote: [m[K  template argument deduction/substitution failed:
[0.862s] In file included from [01m[K/usr/include/gz/plugin2/gz/plugin/detail/Register.hh:26[m[K,
[0.862s]                  from [01m[K/usr/include/gz/plugin2/gz/plugin/Register.hh:22[m[K,
[0.862s]                  from [01m[K/home/hollis/osu-uwrt/riptide_software/src/riptide_gazebo/Assets/Plugins/uwrt_gz/src/SampleSystem.cpp:8[m[K:
[0.862s] [01m[K/usr/include/gz/plugin2/gz/plugin/detail/Common.hh:148:22:[m[K [01;36m[Knote: [m[K  â€˜[01m[Kgz::plugin::detail::MakeInfo<uwrt_gz::MyPlugin, gz::sim::v7::System, gz::sim::v7::ISystemConfigure, gz::sim::v7::ISystemPostUpdate>()::<lambda()>[m[Kâ€™ is not derived from â€˜[01m[Kstd::reference_wrapper<_Tp>[m[Kâ€™
[0.862s]   148 |         [01;36m[Kinfo.factory = [=]()[m[K
[0.862s]       |         [01;36m[K~~~~~~~~~~~~~^~~~~~~[m[K
[0.862s]   149 | [01;36m[K        {[m[K
[0.862s]       |         [01;36m[K~[m[K             
[0.862s]   150 | [01;36m[K          // vvvvvvvvvvvvvvvvvvvvvvvv  READ ME  vvvvvvvvvvvvvvvvvvvvvvvvvvvvv[m[K
[0.862s]       |           [01;36m[K~~~~~~~~~~~~~~~~~~~~~~~~~~~~~~~~~~~~~~~~~~~~~~~~~~~~~~~~~~~~~~~~~~~[m[K
[0.862s]   151 | [01;36m[K          // If you get a compilation error here, then you are trying to[m[K
[0.862s]       |           [01;36m[K~~~~~~~~~~~~~~~~~~~~~~~~~~~~~~~~~~~~~~~~~~~~~~~~~~~~~~~~~~~~~~[m[K
[0.862s]   152 | [01;36m[K          // register an abstract class as a plugin, which is not allowed. To[m[K
[0.862s]       |           [01;36m[K~~~~~~~~~~~~~~~~~~~~~~~~~~~~~~~~~~~~~~~~~~~~~~~~~~~~~~~~~~~~~~~~~~~[m[K
[0.862s]   153 | [01;36m[K          // register a plugin class, every one if its virtual functions must[m[K
[0.862s]       |           [01;36m[K~~~~~~~~~~~~~~~~~~~~~~~~~~~~~~~~~~~~~~~~~~~~~~~~~~~~~~~~~~~~~~~~~~~[m[K
[0.862s]   154 | [01;36m[K          // have a definition.[m[K
[0.862s]       |           [01;36m[K~~~~~~~~~~~~~~~~~~~~~[m[K
[0.862s]   155 | [01;36m[K          //[m[K
[0.862s]       |           [01;36m[K~~[m[K          
[0.862s]   156 | [01;36m[K          // Read through the error produced by your compiler to see which[m[K
[0.862s]       |           [01;36m[K~~~~~~~~~~~~~~~~~~~~~~~~~~~~~~~~~~~~~~~~~~~~~~~~~~~~~~~~~~~~~~~~[m[K
[0.862s]   157 | [01;36m[K          // pure virtual functions you are neglecting to provide overrides[m[K
[0.862s]       |           [01;36m[K~~~~~~~~~~~~~~~~~~~~~~~~~~~~~~~~~~~~~~~~~~~~~~~~~~~~~~~~~~~~~~~~~[m[K
[0.862s]   158 | [01;36m[K          // for.[m[K
[0.862s]       |           [01;36m[K~~~~~~~[m[K     
[0.862s]   159 | [01;36m[K          // ^^^^^^^^^^^^^ READ ABOVE FOR COMPILATION ERRORS ^^^^^^^^^^^^^^^^[m[K
[0.862s]       |           [01;36m[K~~~~~~~~~~~~~~~~~~~~~~~~~~~~~~~~~~~~~~~~~~~~~~~~~~~~~~~~~~~~~~~~~~~[m[K
[0.862s]   160 | [01;36m[K          return static_cast<void*>(new PluginClass);[m[K
[0.862s]       |           [01;36m[K~~~~~~~~~~~~~~~~~~~~~~~~~~~~~~~~~~~~~~~~~~~[m[K
[0.862s]   161 | [01;36m[K        }[m[K;
[0.862s]       |         [01;36m[K~[m[K             
[0.862s] In file included from [01m[K/usr/include/c++/11/functional:59[m[K,
[0.862s]                  from [01m[K/usr/include/c++/11/pstl/glue_algorithm_defs.h:13[m[K,
[0.863s]                  from [01m[K/usr/include/c++/11/algorithm:74[m[K,
[0.863s]                  from [01m[K/usr/include/google/protobuf/stubs/common.h:38[m[K,
[0.863s]                  from [01m[K/usr/include/google/protobuf/io/coded_stream.h:141[m[K,
[0.863s]                  from [01m[K/usr/include/gz/msgs9/gz/msgs/details/serialized.pb.h:23[m[K,
[0.863s]                  from [01m[K/usr/include/gz/msgs9/gz/msgs/serialized.pb.h:17[m[K,
[0.863s]                  from [01m[K/usr/include/gz/sim7/gz/sim/EntityComponentManager.hh:20[m[K,
[0.863s]                  from [01m[K/usr/include/gz/sim7/gz/sim/System.hh:23[m[K,
[0.863s]                  from [01m[K/home/hollis/osu-uwrt/riptide_software/src/riptide_gazebo/Assets/Plugins/uwrt_gz/src/SampleSystem.cpp:4[m[K:
[0.863s] [01m[K/usr/include/c++/11/bits/std_function.h:469:7:[m[K [01;36m[Knote: [m[Kcandidate: â€˜[01m[Kstd::function<_Res(_ArgTypes ...)>& std::function<_Res(_ArgTypes ...)>::operator=(const std::function<_Res(_ArgTypes ...)>&) [with _Res = void*; _ArgTypes = {}][m[Kâ€™
[0.863s]   469 |       [01;36m[Koperator[m[K=(const function& __x)
[0.863s]       |       [01;36m[K^~~~~~~~[m[K
[0.863s] [01m[K/usr/include/c++/11/bits/std_function.h:469:33:[m[K [01;36m[Knote: [m[K  no known conversion for argument 1 from â€˜[01m[Kgz::plugin::detail::MakeInfo<uwrt_gz::MyPlugin, gz::sim::v7::System, gz::sim::v7::ISystemConfigure, gz::sim::v7::ISystemPostUpdate>()::<lambda()>[m[Kâ€™ to â€˜[01m[Kconst std::function<void*()>&[m[Kâ€™
[0.863s]   469 |       operator=([01;36m[Kconst function& __x[m[K)
[0.863s]       |                 [01;36m[K~~~~~~~~~~~~~~~~^~~[m[K
[0.863s] [01m[K/usr/include/c++/11/bits/std_function.h:487:7:[m[K [01;36m[Knote: [m[Kcandidate: â€˜[01m[Kstd::function<_Res(_ArgTypes ...)>& std::function<_Res(_ArgTypes ...)>::operator=(std::function<_Res(_ArgTypes ...)>&&) [with _Res = void*; _ArgTypes = {}][m[Kâ€™
[0.863s]   487 |       [01;36m[Koperator[m[K=(function&& __x) noexcept
[0.863s]       |       [01;36m[K^~~~~~~~[m[K
[0.863s] [01m[K/usr/include/c++/11/bits/std_function.h:487:28:[m[K [01;36m[Knote: [m[K  no known conversion for argument 1 from â€˜[01m[Kgz::plugin::detail::MakeInfo<uwrt_gz::MyPlugin, gz::sim::v7::System, gz::sim::v7::ISystemConfigure, gz::sim::v7::ISystemPostUpdate>()::<lambda()>[m[Kâ€™ to â€˜[01m[Kstd::function<void*()>&&[m[Kâ€™
[0.863s]   487 |       operator=([01;36m[Kfunction&& __x[m[K) noexcept
[0.863s]       |                 [01;36m[K~~~~~~~~~~~^~~[m[K
[0.863s] [01m[K/usr/include/c++/11/bits/std_function.h:501:7:[m[K [01;36m[Knote: [m[Kcandidate: â€˜[01m[Kstd::function<_Res(_ArgTypes ...)>& std::function<_Res(_ArgTypes ...)>::operator=(std::nullptr_t) [with _Res = void*; _ArgTypes = {}; std::nullptr_t = std::nullptr_t][m[Kâ€™
[0.863s]   501 |       [01;36m[Koperator[m[K=(nullptr_t) noexcept
[0.863s]       |       [01;36m[K^~~~~~~~[m[K
[0.863s] [01m[K/usr/include/c++/11/bits/std_function.h:501:17:[m[K [01;36m[Knote: [m[K  no known conversion for argument 1 from â€˜[01m[Kgz::plugin::detail::MakeInfo<uwrt_gz::MyPlugin, gz::sim::v7::System, gz::sim::v7::ISystemConfigure, gz::sim::v7::ISystemPostUpdate>()::<lambda()>[m[Kâ€™ to â€˜[01m[Kstd::nullptr_t[m[Kâ€™
[0.863s]   501 |       operator=([01;36m[Knullptr_t[m[K) noexcept
[0.863s]       |                 [01;36m[K^~~~~~~~~[m[K
[0.935s] gmake[2]: *** [CMakeFiles/SampleSystem.dir/build.make:76: CMakeFiles/SampleSystem.dir/src/SampleSystem.cpp.o] Error 1
[0.935s] gmake[1]: *** [CMakeFiles/Makefile2:137: CMakeFiles/SampleSystem.dir/all] Error 2
[0.936s] gmake: *** [Makefile:146: all] Error 2
[0.938s] Invoked command in '/home/hollis/osu-uwrt/riptide_software/src/riptide_gazebo/Assets/Plugins/build/uwrt_gz' returned '2': CMAKE_PREFIX_PATH=${CMAKE_PREFIX_PATH}:/home/hollis/osu-uwrt/dependencies/install/microstrain_inertial_rqt:/home/hollis/osu-uwrt/dependencies/install/echo_video:/home/hollis/osu-uwrt/dependencies/install/camera_calibration:/home/hollis/osu-uwrt/riptide_software/install/riptide_teleop2:/home/hollis/osu-uwrt/riptide_software/install/riptide_rqt_plugins2:/home/hollis/osu-uwrt/riptide_software/install/riptide_hardware2:/home/hollis/osu-uwrt/riptide_software/install/riptide_controllers2:/home/hollis/osu-uwrt/riptide_software/install/riptide_mapping2:/home/hollis/osu-uwrt/riptide_software/install/riptide_localization2:/home/hollis/osu-uwrt/riptide_software/install/riptide_bringup2:/home/hollis/osu-uwrt/riptide_software/install/riptide_SNIB:/opt/ros/humble /usr/bin/cmake --build /home/hollis/osu-uwrt/riptide_software/src/riptide_gazebo/Assets/Plugins/build/uwrt_gz -- -j20 -l20
