In file included from [01m[K/usr/include/gz/sim7/ignition/gazebo/Model.hh:19[m[K,
                 from [01m[K/home/hollis/osu-uwrt/riptide_software/src/riptide_gazebo/Assets/Plugins/TempestPose/SampleSystem.cpp:5[m[K:
[01m[K/usr/include/gz/sim7/ignition/gazebo/config.hh:49:72:[m[K [01;36m[Knote: [m[Kâ€˜[01m[K#pragma message: ignition namespace is deprecated! Use gz instead![m[Kâ€™
   49 |     #pragma message("ignition namespace is deprecated! Use gz instead!"[01;36m[K)[m[K
      |                                                                        [01;36m[K^[m[K
In file included from [01m[K/usr/include/gz/plugin2/ignition/plugin/Register.hh:19[m[K,
                 from [01m[K/home/hollis/osu-uwrt/riptide_software/src/riptide_gazebo/Assets/Plugins/TempestPose/SampleSystem.cpp:8[m[K:
[01m[K/usr/include/gz/plugin2/ignition/plugin/config.hh:39:72:[m[K [01;36m[Knote: [m[Kâ€˜[01m[K#pragma message: ignition namespace is deprecated! Use gz instead![m[Kâ€™
   39 |     #pragma message("ignition namespace is deprecated! Use gz instead!"[01;36m[K)[m[K
      |                                                                        [01;36m[K^[m[K
[01m[K/home/hollis/osu-uwrt/riptide_software/src/riptide_gazebo/Assets/Plugins/TempestPose/SampleSystem.cpp:15:26:[m[K [01;31m[Kerror: [m[Kâ€˜[01m[Kignition::gazebo[m[Kâ€™ has not been declared
   15 |       : public ignition::[01;31m[Kgazebo[m[K::System,
      |                          [01;31m[K^~~~~~[m[K
[01m[K/home/hollis/osu-uwrt/riptide_software/src/riptide_gazebo/Assets/Plugins/TempestPose/SampleSystem.cpp:15:34:[m[K [01;31m[Kerror: [m[Kexpected â€˜[01m[K{[m[Kâ€™ before â€˜[01m[KSystem[m[Kâ€™
   15 |       : public ignition::gazebo::[01;31m[KSystem[m[K,
      |                                  [01;31m[K^~~~~~[m[K
[01m[K/home/hollis/osu-uwrt/riptide_software/src/riptide_gazebo/Assets/Plugins/TempestPose/SampleSystem.cpp:16:9:[m[K [01;31m[Kerror: [m[Kexpected unqualified-id before â€˜[01m[Kpublic[m[Kâ€™
   16 |         [01;31m[Kpublic[m[K ignition::gazebo::ISystemConfigure,
      |         [01;31m[K^~~~~~[m[K
[01m[K/home/hollis/osu-uwrt/riptide_software/src/riptide_gazebo/Assets/Plugins/TempestPose/SampleSystem.cpp:49:31:[m[K [01;31m[Kerror: [m[Kâ€˜[01m[Kignition::gazebo[m[Kâ€™ has not been declared
   49 |                     ignition::[01;31m[Kgazebo[m[K::System,
      |                               [01;31m[K^~~~~~[m[K
[01m[K/home/hollis/osu-uwrt/riptide_software/src/riptide_gazebo/Assets/Plugins/TempestPose/SampleSystem.cpp:50:21:[m[K [01;31m[Kerror: [m[Kâ€˜[01m[Kuwrt_gz::MyPlugin::ISystemConfigure[m[Kâ€™ has not been declared
   50 |                     [01;31m[Kuwrt_gz[m[K::MyPlugin::ISystemConfigure,
      |                     [01;31m[K^~~~~~~[m[K
[01m[K/home/hollis/osu-uwrt/riptide_software/src/riptide_gazebo/Assets/Plugins/TempestPose/SampleSystem.cpp:51:21:[m[K [01;31m[Kerror: [m[Kâ€˜[01m[Kuwrt_gz::MyPlugin::ISystemPostUpdate[m[Kâ€™ has not been declared
   51 |                     [01;31m[Kuwrt_gz[m[K::MyPlugin::ISystemPostUpdate)
      |                     [01;31m[K^~~~~~~[m[K
In file included from [01m[K/usr/include/gz/plugin2/gz/plugin/Register.hh:22[m[K,
                 from [01m[K/usr/include/gz/plugin2/ignition/plugin/Register.hh:18[m[K,
                 from [01m[K/home/hollis/osu-uwrt/riptide_software/src/riptide_gazebo/Assets/Plugins/TempestPose/SampleSystem.cpp:8[m[K:
[01m[K/home/hollis/osu-uwrt/riptide_software/src/riptide_gazebo/Assets/Plugins/TempestPose/SampleSystem.cpp:54:1:[m[K [01;31m[Kerror: [m[Kexpected constructor, destructor, or type conversion before â€˜[01m[Knamespace[m[Kâ€™
   54 | [01;31m[KIGNITION_ADD_PLUGIN_ALIAS[m[K(uwrt_gz::MyPlugin, "ignition::gazebo::systems::MyPlugin")
      | [01;31m[K^~~~~~~~~~~~~~~~~~~~~~~~~[m[K
gmake[2]: *** [CMakeFiles/SampleSystem.dir/build.make:76: CMakeFiles/SampleSystem.dir/SampleSystem.cpp.o] Error 1
gmake[1]: *** [CMakeFiles/Makefile2:83: CMakeFiles/SampleSystem.dir/all] Error 2
gmake: *** [Makefile:136: all] Error 2
