[0.008s] Invoking command in '/home/hollis/osu-uwrt/riptide_software/src/riptide_gazebo/Assets/Plugins/build/uwrt_gz': CMAKE_PREFIX_PATH=${CMAKE_PREFIX_PATH}:/home/hollis/osu-uwrt/dependencies/install/microstrain_inertial_rqt:/home/hollis/osu-uwrt/dependencies/install/echo_video:/home/hollis/osu-uwrt/dependencies/install/camera_calibration:/home/hollis/osu-uwrt/riptide_software/install/riptide_teleop2:/home/hollis/osu-uwrt/riptide_software/install/riptide_rqt_plugins2:/home/hollis/osu-uwrt/riptide_software/install/riptide_hardware2:/home/hollis/osu-uwrt/riptide_software/install/riptide_controllers2:/home/hollis/osu-uwrt/riptide_software/install/riptide_mapping2:/home/hollis/osu-uwrt/riptide_software/install/riptide_localization2:/home/hollis/osu-uwrt/riptide_software/install/riptide_bringup2:/home/hollis/osu-uwrt/riptide_software/install/riptide_SNIB:/opt/ros/humble /usr/bin/cmake --build /home/hollis/osu-uwrt/riptide_software/src/riptide_gazebo/Assets/Plugins/build/uwrt_gz -- -j20 -l20
[0.034s] [ 50%] [32mBuilding CXX object CMakeFiles/MoveEntity.dir/src/MoveEntity.cc.o[0m
[0.672s] In file included from [01m[K/usr/include/gz/plugin2/gz/plugin/Register.hh:22[m[K,
[0.673s]                  from [01m[K/home/hollis/osu-uwrt/riptide_software/src/riptide_gazebo/Assets/Plugins/uwrt_gz/src/MoveEntity.cc:26[m[K:
[0.673s] [01m[K/home/hollis/osu-uwrt/riptide_software/src/riptide_gazebo/Assets/Plugins/uwrt_gz/src/MoveEntity.cc:[m[K In constructor â€˜[01m[Kgz::plugin::{anonymous}::ExecuteWhenLoadingLibrary0::ExecuteWhenLoadingLibrary0()[m[Kâ€™:
[0.673s] [01m[K/home/hollis/osu-uwrt/riptide_software/src/riptide_gazebo/Assets/Plugins/uwrt_gz/src/MoveEntity.cc:36:5:[m[K [01;31m[Kerror: [m[Kâ€˜[01m[KMoveEntity[m[Kâ€™ was not declared in this scope; did you mean â€˜[01m[Kmove_entity::MoveEntity[m[Kâ€™?
[0.673s]    36 |     [01;31m[KMoveEntity[m[K::MoveEntity::ISystemPostUpdate)
[0.673s]       |     [01;31m[K^~~~~~~~~~[m[K
[0.673s] In file included from [01m[K/home/hollis/osu-uwrt/riptide_software/src/riptide_gazebo/Assets/Plugins/uwrt_gz/src/MoveEntity.cc:29[m[K:
[0.673s] [01m[K/home/hollis/osu-uwrt/riptide_software/src/riptide_gazebo/Assets/Plugins/uwrt_gz/src/MoveEntity.hh:33:9:[m[K [01;36m[Knote: [m[Kâ€˜[01m[Kmove_entity::MoveEntity[m[Kâ€™ declared here
[0.673s]    33 |   class [01;36m[KMoveEntity[m[K:
[0.673s]       |         [01;36m[K^~~~~~~~~~[m[K
[0.673s] In file included from [01m[K/usr/include/gz/plugin2/gz/plugin/Register.hh:22[m[K,
[0.673s]                  from [01m[K/home/hollis/osu-uwrt/riptide_software/src/riptide_gazebo/Assets/Plugins/uwrt_gz/src/MoveEntity.cc:26[m[K:
[0.673s] [01m[K/home/hollis/osu-uwrt/riptide_software/src/riptide_gazebo/Assets/Plugins/uwrt_gz/src/MoveEntity.cc:33:1:[m[K [01;31m[Kerror: [m[Ktemplate argument 3 is invalid
[0.673s]    33 | [01;31m[KGZ_ADD_PLUGIN[m[K(
[0.673s]       | [01;31m[K^~~~~~~~~~~~~[m[K
[0.673s] [01m[K/home/hollis/osu-uwrt/riptide_software/src/riptide_gazebo/Assets/Plugins/uwrt_gz/src/MoveEntity.cc:33:1:[m[K [01;31m[Kerror: [m[Kqualified-id in declaration before â€˜[01m[K([m[Kâ€™ token
[0.673s]    33 | [01;31m[KGZ_ADD_PLUGIN[m[K(
[0.673s]       | [01;31m[K^~~~~~~~~~~~~[m[K
[0.673s] [01m[K/home/hollis/osu-uwrt/riptide_software/src/riptide_gazebo/Assets/Plugins/uwrt_gz/src/MoveEntity.cc:[m[K At global scope:
[0.673s] [01m[K/home/hollis/osu-uwrt/riptide_software/src/riptide_gazebo/Assets/Plugins/uwrt_gz/src/MoveEntity.cc:38:17:[m[K [01;31m[Kerror: [m[Kâ€˜[01m[KMoveEntity[m[Kâ€™ is not a namespace-name
[0.673s]    38 | using namespace [01;31m[KMoveEntity[m[K;
[0.673s]       |                 [01;31m[K^~~~~~~~~~[m[K
[0.673s] [01m[K/home/hollis/osu-uwrt/riptide_software/src/riptide_gazebo/Assets/Plugins/uwrt_gz/src/MoveEntity.cc:42:6:[m[K [01;31m[Kerror: [m[Kâ€˜[01m[KMoveEntity[m[Kâ€™ has not been declared
[0.673s]    42 | void [01;31m[KMoveEntity[m[K::PostUpdate(const gz::sim::UpdateInfo &_info,
[0.673s]       |      [01;31m[K^~~~~~~~~~[m[K
[0.802s] gmake[2]: *** [CMakeFiles/MoveEntity.dir/build.make:76: CMakeFiles/MoveEntity.dir/src/MoveEntity.cc.o] Error 1
[0.802s] gmake[1]: *** [CMakeFiles/Makefile2:137: CMakeFiles/MoveEntity.dir/all] Error 2
[0.802s] gmake: *** [Makefile:146: all] Error 2
[0.804s] Invoked command in '/home/hollis/osu-uwrt/riptide_software/src/riptide_gazebo/Assets/Plugins/build/uwrt_gz' returned '2': CMAKE_PREFIX_PATH=${CMAKE_PREFIX_PATH}:/home/hollis/osu-uwrt/dependencies/install/microstrain_inertial_rqt:/home/hollis/osu-uwrt/dependencies/install/echo_video:/home/hollis/osu-uwrt/dependencies/install/camera_calibration:/home/hollis/osu-uwrt/riptide_software/install/riptide_teleop2:/home/hollis/osu-uwrt/riptide_software/install/riptide_rqt_plugins2:/home/hollis/osu-uwrt/riptide_software/install/riptide_hardware2:/home/hollis/osu-uwrt/riptide_software/install/riptide_controllers2:/home/hollis/osu-uwrt/riptide_software/install/riptide_mapping2:/home/hollis/osu-uwrt/riptide_software/install/riptide_localization2:/home/hollis/osu-uwrt/riptide_software/install/riptide_bringup2:/home/hollis/osu-uwrt/riptide_software/install/riptide_SNIB:/opt/ros/humble /usr/bin/cmake --build /home/hollis/osu-uwrt/riptide_software/src/riptide_gazebo/Assets/Plugins/build/uwrt_gz -- -j20 -l20
