[0.015s] Invoking command in '/home/hollis/osu-uwrt/riptide_software/src/riptide_gazebo/Assets/Plugins/build/uwrt_gz': CMAKE_PREFIX_PATH=${CMAKE_PREFIX_PATH}:/home/hollis/osu-uwrt/dependencies/install/microstrain_inertial_rqt:/home/hollis/osu-uwrt/dependencies/install/echo_video:/home/hollis/osu-uwrt/dependencies/install/camera_calibration:/home/hollis/osu-uwrt/riptide_software/install/riptide_teleop2:/home/hollis/osu-uwrt/riptide_software/install/riptide_rqt_plugins2:/home/hollis/osu-uwrt/riptide_software/install/riptide_hardware2:/home/hollis/osu-uwrt/riptide_software/install/riptide_controllers2:/home/hollis/osu-uwrt/riptide_software/install/riptide_mapping2:/home/hollis/osu-uwrt/riptide_software/install/riptide_localization2:/home/hollis/osu-uwrt/riptide_software/install/riptide_bringup2:/home/hollis/osu-uwrt/riptide_software/install/riptide_SNIB:/opt/ros/humble /usr/bin/cmake --build /home/hollis/osu-uwrt/riptide_software/src/riptide_gazebo/Assets/Plugins/build/uwrt_gz -- -j20 -l20
[0.038s] [35m[1mConsolidate compiler generated dependencies of target MoveEntity[0m
[0.050s] [ 50%] [32mBuilding CXX object CMakeFiles/MoveEntity.dir/src/MoveEntity.cc.o[0m
[1.898s] [01m[K/home/hollis/osu-uwrt/riptide_software/src/riptide_gazebo/Assets/Plugins/uwrt_gz/src/MoveEntity.cc:[m[K In member function â€˜[01m[Kvirtual void move_entity::MoveEntity::PostUpdate(const gz::sim::v7::UpdateInfo&, const gz::sim::v7::EntityComponentManager&)[m[Kâ€™:
[1.898s] [01m[K/home/hollis/osu-uwrt/riptide_software/src/riptide_gazebo/Assets/Plugins/uwrt_gz/src/MoveEntity.cc:48:56:[m[K [01;35m[Kwarning: [m[Kunused parameter â€˜[01m[K_info[m[Kâ€™ [[01;35m[K]8;;https://gcc.gnu.org/onlinedocs/gcc/Warning-Options.html#index-Wunused-parameter-Wunused-parameter]8;;[m[K]
[1.898s]    48 | void MoveEntity::PostUpdate([01;35m[Kconst gz::sim::UpdateInfo &_info[m[K,
[1.898s]       |                             [01;35m[K~~~~~~~~~~~~~~~~~~~~~~~~~~~^~~~~[m[K
[1.899s] In file included from [01m[K/usr/include/gz/common5/gz/common/SystemPaths.hh:20[m[K,
[1.899s]                  from [01m[K/usr/include/gz/common5/gz/common/Util.hh:30[m[K,
[1.899s]                  from [01m[K/usr/include/gz/common5/gz/common/Console.hh:26[m[K,
[1.899s]                  from [01m[K/home/hollis/osu-uwrt/riptide_software/src/riptide_gazebo/Assets/Plugins/uwrt_gz/src/MoveEntity.cc:23[m[K:
[1.899s] /usr/include/c++/11/functional: In instantiation of â€˜[01m[Kstruct std::_Bind_check_arity<void (move_entity::MoveEntity::*)(const gz::msgs::Vector3d&), move_entity::MoveEntity*>[m[Kâ€™:
[1.899s] [01m[K/usr/include/c++/11/functional:768:12:[m[K   required from â€˜[01m[Kstruct std::_Bind_helper<false, void (move_entity::MoveEntity::*)(const gz::msgs::Vector3d&), move_entity::MoveEntity*>[m[Kâ€™
[1.899s] [01m[K/usr/include/c++/11/functional:789:5:[m[K   required by substitution of â€˜[01m[Ktemplate<class _Func, class ... _BoundArgs> typename std::_Bind_helper<std::__is_socketlike<_Func>::value, _Func, _BoundArgs ...>::type std::bind(_Func&&, _BoundArgs&& ...) [with _Func = void (move_entity::MoveEntity::*)(const gz::msgs::Vector3d&); _BoundArgs = {move_entity::MoveEntity*}][m[Kâ€™
[1.899s] [01m[K/home/hollis/osu-uwrt/riptide_software/src/riptide_gazebo/Assets/Plugins/uwrt_gz/src/MoveEntity.cc:89:53:[m[K   required from here
[1.899s] [01m[K/usr/include/c++/11/functional:756:21:[m[K [01;31m[Kerror: [m[Kstatic assertion failed: Wrong number of arguments for pointer-to-member
[1.899s]   755 |       static_assert(_Varargs::[01;31m[Kvalue[m[K
[1.899s]       |                               [01;31m[K~~~~~[m[K
[1.899s]   756 | [01;31m[K                    ? sizeof...(_BoundArgs) >= _Arity::value + 1[m[K
[1.899s]       |                     [01;31m[K^~~~~~~~~~~~~~~~~~~~~~~~~~~~~~~~~~~~~~~~~~~~[m[K
[1.899s]   757 | [01;31m[K                    : sizeof...(_BoundArgs) == _Arity::value + 1[m[K,
[1.899s]       |                     [01;31m[K~~~~~~~~~~~~~~~~~~~~~~~~~~~~~~~~~~~~~~~~~~~~[m[K
[1.899s] [01m[K/usr/include/c++/11/functional:756:21:[m[K [01;36m[Knote: [m[Kâ€˜[01m[K(false ? (1 >= (((long unsigned int)std::integral_constant<long unsigned int, 1>::value) + 1)) : (1 == (((long unsigned int)std::integral_constant<long unsigned int, 1>::value) + 1)))[m[Kâ€™ evaluates to false
[1.901s] [01m[K/home/hollis/osu-uwrt/riptide_software/src/riptide_gazebo/Assets/Plugins/uwrt_gz/src/MoveEntity.cc:[m[K In member function â€˜[01m[Kvirtual void move_entity::MoveEntity::Configure(const Entity&, const std::shared_ptr<const sdf::v13::Element>&, gz::sim::v7::EntityComponentManager&, gz::sim::v7::EventManager&)[m[Kâ€™:
[1.901s] [01m[K/home/hollis/osu-uwrt/riptide_software/src/riptide_gazebo/Assets/Plugins/uwrt_gz/src/MoveEntity.cc:89:21:[m[K [01;31m[Kerror: [m[Kno matching function for call to â€˜[01m[Kgz::transport::v12::Node::Subscribe(std::string&, std::_Bind_helper<false, void (move_entity::MoveEntity::*)(const gz::msgs::Vector3d&), move_entity::MoveEntity*>::type, move_entity::MoveEntity*)[m[Kâ€™
[1.901s]    89 |   if(![01;31m[Knode.Subscribe(orentation_sub_topic, std::bind(&move_entity::MoveEntity::PositionSubCallback, this), this)[m[K){
[1.901s]       |       [01;31m[K~~~~~~~~~~~~~~^~~~~~~~~~~~~~~~~~~~~~~~~~~~~~~~~~~~~~~~~~~~~~~~~~~~~~~~~~~~~~~~~~~~~~~~~~~~~~~~~~~~~~~~~~~~[m[K
[1.901s] In file included from [01m[K/usr/include/gz/transport12/gz/transport.hh:31[m[K,
[1.901s]                  from [01m[K/home/hollis/osu-uwrt/riptide_software/src/riptide_gazebo/Assets/Plugins/uwrt_gz/src/MoveEntity.hh:25[m[K,
[1.901s]                  from [01m[K/home/hollis/osu-uwrt/riptide_software/src/riptide_gazebo/Assets/Plugins/uwrt_gz/src/MoveEntity.cc:31[m[K:
[1.901s] [01m[K/usr/include/gz/transport12/gz/transport/Node.hh:251:12:[m[K [01;36m[Knote: [m[Kcandidate: â€˜[01m[Ktemplate<class MessageT> bool gz::transport::v12::Node::Subscribe(const string&, void (*)(const MessageT&), const gz::transport::v12::SubscribeOptions&)[m[Kâ€™
[1.901s]   251 |       bool [01;36m[KSubscribe[m[K(
[1.901s]       |            [01;36m[K^~~~~~~~~[m[K
[1.901s] [01m[K/usr/include/gz/transport12/gz/transport/Node.hh:251:12:[m[K [01;36m[Knote: [m[K  template argument deduction/substitution failed:
[1.901s] [01m[K/home/hollis/osu-uwrt/riptide_software/src/riptide_gazebo/Assets/Plugins/uwrt_gz/src/MoveEntity.cc:89:21:[m[K [01;36m[Knote: [m[K  mismatched types â€˜[01m[Kvoid (*)(const MessageT&)[m[Kâ€™ and â€˜[01m[Kstd::_Bind<void (move_entity::MoveEntity::*(move_entity::MoveEntity*))(const gz::msgs::Vector3d&)>[m[Kâ€™
[1.901s]    89 |   if(![01;36m[Knode.Subscribe(orentation_sub_topic, std::bind(&move_entity::MoveEntity::PositionSubCallback, this), this)[m[K){
[1.901s]       |       [01;36m[K~~~~~~~~~~~~~~^~~~~~~~~~~~~~~~~~~~~~~~~~~~~~~~~~~~~~~~~~~~~~~~~~~~~~~~~~~~~~~~~~~~~~~~~~~~~~~~~~~~~~~~~~~~[m[K
[1.901s] In file included from [01m[K/usr/include/gz/transport12/gz/transport.hh:31[m[K,
[1.901s]                  from [01m[K/home/hollis/osu-uwrt/riptide_software/src/riptide_gazebo/Assets/Plugins/uwrt_gz/src/MoveEntity.hh:25[m[K,
[1.901s]                  from [01m[K/home/hollis/osu-uwrt/riptide_software/src/riptide_gazebo/Assets/Plugins/uwrt_gz/src/MoveEntity.cc:31[m[K:
[1.901s] [01m[K/usr/include/gz/transport12/gz/transport/Node.hh:265:12:[m[K [01;36m[Knote: [m[Kcandidate: â€˜[01m[Ktemplate<class MessageT> bool gz::transport::v12::Node::Subscribe(const string&, std::function<void(const T&)>&, const gz::transport::v12::SubscribeOptions&)[m[Kâ€™
[1.901s]   265 |       bool [01;36m[KSubscribe[m[K(
[1.902s]       |            [01;36m[K^~~~~~~~~[m[K
[1.902s] [01m[K/usr/include/gz/transport12/gz/transport/Node.hh:265:12:[m[K [01;36m[Knote: [m[K  template argument deduction/substitution failed:
[1.902s] [01m[K/home/hollis/osu-uwrt/riptide_software/src/riptide_gazebo/Assets/Plugins/uwrt_gz/src/MoveEntity.cc:89:21:[m[K [01;36m[Knote: [m[K  â€˜[01m[Kstd::_Bind_helper<false, void (move_entity::MoveEntity::*)(const gz::msgs::Vector3d&), move_entity::MoveEntity*>::type[m[Kâ€™ is not derived from â€˜[01m[Kstd::function<void(const T&)>[m[Kâ€™
[1.902s]    89 |   if(![01;36m[Knode.Subscribe(orentation_sub_topic, std::bind(&move_entity::MoveEntity::PositionSubCallback, this), this)[m[K){
[1.902s]       |       [01;36m[K~~~~~~~~~~~~~~^~~~~~~~~~~~~~~~~~~~~~~~~~~~~~~~~~~~~~~~~~~~~~~~~~~~~~~~~~~~~~~~~~~~~~~~~~~~~~~~~~~~~~~~~~~~[m[K
[1.902s] In file included from [01m[K/usr/include/gz/transport12/gz/transport.hh:31[m[K,
[1.902s]                  from [01m[K/home/hollis/osu-uwrt/riptide_software/src/riptide_gazebo/Assets/Plugins/uwrt_gz/src/MoveEntity.hh:25[m[K,
[1.902s]                  from [01m[K/home/hollis/osu-uwrt/riptide_software/src/riptide_gazebo/Assets/Plugins/uwrt_gz/src/MoveEntity.cc:31[m[K:
[1.902s] [01m[K/usr/include/gz/transport12/gz/transport/Node.hh:281:12:[m[K [01;36m[Knote: [m[Kcandidate: â€˜[01m[Ktemplate<class ClassT, class MessageT> bool gz::transport::v12::Node::Subscribe(const string&, void (ClassT::*)(const MessageT&), ClassT*, const gz::transport::v12::SubscribeOptions&)[m[Kâ€™
[1.902s]   281 |       bool [01;36m[KSubscribe[m[K(
[1.902s]       |            [01;36m[K^~~~~~~~~[m[K
[1.902s] [01m[K/usr/include/gz/transport12/gz/transport/Node.hh:281:12:[m[K [01;36m[Knote: [m[K  template argument deduction/substitution failed:
[1.902s] [01m[K/home/hollis/osu-uwrt/riptide_software/src/riptide_gazebo/Assets/Plugins/uwrt_gz/src/MoveEntity.cc:89:21:[m[K [01;36m[Knote: [m[K  mismatched types â€˜[01m[Kvoid (ClassT::*)(const MessageT&)[m[Kâ€™ and â€˜[01m[Kstd::_Bind<void (move_entity::MoveEntity::*(move_entity::MoveEntity*))(const gz::msgs::Vector3d&)>[m[Kâ€™
[1.902s]    89 |   if(![01;36m[Knode.Subscribe(orentation_sub_topic, std::bind(&move_entity::MoveEntity::PositionSubCallback, this), this)[m[K){
[1.902s]       |       [01;36m[K~~~~~~~~~~~~~~^~~~~~~~~~~~~~~~~~~~~~~~~~~~~~~~~~~~~~~~~~~~~~~~~~~~~~~~~~~~~~~~~~~~~~~~~~~~~~~~~~~~~~~~~~~~[m[K
[1.902s] In file included from [01m[K/usr/include/gz/transport12/gz/transport.hh:31[m[K,
[1.902s]                  from [01m[K/home/hollis/osu-uwrt/riptide_software/src/riptide_gazebo/Assets/Plugins/uwrt_gz/src/MoveEntity.hh:25[m[K,
[1.902s]                  from [01m[K/home/hollis/osu-uwrt/riptide_software/src/riptide_gazebo/Assets/Plugins/uwrt_gz/src/MoveEntity.cc:31[m[K:
[1.902s] [01m[K/usr/include/gz/transport12/gz/transport/Node.hh:298:12:[m[K [01;36m[Knote: [m[Kcandidate: â€˜[01m[Ktemplate<class MessageT> bool gz::transport::v12::Node::Subscribe(const string&, void (*)(const MessageT&, const gz::transport::v12::MessageInfo&), const gz::transport::v12::SubscribeOptions&)[m[Kâ€™
[1.902s]   298 |       bool [01;36m[KSubscribe[m[K(
[1.902s]       |            [01;36m[K^~~~~~~~~[m[K
[1.902s] [01m[K/usr/include/gz/transport12/gz/transport/Node.hh:298:12:[m[K [01;36m[Knote: [m[K  template argument deduction/substitution failed:
[1.902s] [01m[K/home/hollis/osu-uwrt/riptide_software/src/riptide_gazebo/Assets/Plugins/uwrt_gz/src/MoveEntity.cc:89:21:[m[K [01;36m[Knote: [m[K  mismatched types â€˜[01m[Kvoid (*)(const MessageT&, const gz::transport::v12::MessageInfo&)[m[Kâ€™ and â€˜[01m[Kstd::_Bind<void (move_entity::MoveEntity::*(move_entity::MoveEntity*))(const gz::msgs::Vector3d&)>[m[Kâ€™
[1.902s]    89 |   if(![01;36m[Knode.Subscribe(orentation_sub_topic, std::bind(&move_entity::MoveEntity::PositionSubCallback, this), this)[m[K){
[1.902s]       |       [01;36m[K~~~~~~~~~~~~~~^~~~~~~~~~~~~~~~~~~~~~~~~~~~~~~~~~~~~~~~~~~~~~~~~~~~~~~~~~~~~~~~~~~~~~~~~~~~~~~~~~~~~~~~~~~~[m[K
[1.902s] In file included from [01m[K/usr/include/gz/transport12/gz/transport.hh:31[m[K,
[1.902s]                  from [01m[K/home/hollis/osu-uwrt/riptide_software/src/riptide_gazebo/Assets/Plugins/uwrt_gz/src/MoveEntity.hh:25[m[K,
[1.902s]                  from [01m[K/home/hollis/osu-uwrt/riptide_software/src/riptide_gazebo/Assets/Plugins/uwrt_gz/src/MoveEntity.cc:31[m[K:
[1.902s] [01m[K/usr/include/gz/transport12/gz/transport/Node.hh:313:12:[m[K [01;36m[Knote: [m[Kcandidate: â€˜[01m[Ktemplate<class MessageT> bool gz::transport::v12::Node::Subscribe(const string&, std::function<void(const T&, const gz::transport::v12::MessageInfo&)>&, const gz::transport::v12::SubscribeOptions&)[m[Kâ€™
[1.902s]   313 |       bool [01;36m[KSubscribe[m[K(
[1.902s]       |            [01;36m[K^~~~~~~~~[m[K
[1.902s] [01m[K/usr/include/gz/transport12/gz/transport/Node.hh:313:12:[m[K [01;36m[Knote: [m[K  template argument deduction/substitution failed:
[1.902s] [01m[K/home/hollis/osu-uwrt/riptide_software/src/riptide_gazebo/Assets/Plugins/uwrt_gz/src/MoveEntity.cc:89:21:[m[K [01;36m[Knote: [m[K  â€˜[01m[Kstd::_Bind_helper<false, void (move_entity::MoveEntity::*)(const gz::msgs::Vector3d&), move_entity::MoveEntity*>::type[m[Kâ€™ is not derived from â€˜[01m[Kstd::function<void(const T&, const gz::transport::v12::MessageInfo&)>[m[Kâ€™
[1.902s]    89 |   if(![01;36m[Knode.Subscribe(orentation_sub_topic, std::bind(&move_entity::MoveEntity::PositionSubCallback, this), this)[m[K){
[1.902s]       |       [01;36m[K~~~~~~~~~~~~~~^~~~~~~~~~~~~~~~~~~~~~~~~~~~~~~~~~~~~~~~~~~~~~~~~~~~~~~~~~~~~~~~~~~~~~~~~~~~~~~~~~~~~~~~~~~~[m[K
[1.902s] In file included from [01m[K/usr/include/gz/transport12/gz/transport.hh:31[m[K,
[1.902s]                  from [01m[K/home/hollis/osu-uwrt/riptide_software/src/riptide_gazebo/Assets/Plugins/uwrt_gz/src/MoveEntity.hh:25[m[K,
[1.903s]                  from [01m[K/home/hollis/osu-uwrt/riptide_software/src/riptide_gazebo/Assets/Plugins/uwrt_gz/src/MoveEntity.cc:31[m[K:
[1.903s] [01m[K/usr/include/gz/transport12/gz/transport/Node.hh:331:12:[m[K [01;36m[Knote: [m[Kcandidate: â€˜[01m[Ktemplate<class ClassT, class MessageT> bool gz::transport::v12::Node::Subscribe(const string&, void (ClassT::*)(const MessageT&, const gz::transport::v12::MessageInfo&), ClassT*, const gz::transport::v12::SubscribeOptions&)[m[Kâ€™
[1.903s]   331 |       bool [01;36m[KSubscribe[m[K(
[1.903s]       |            [01;36m[K^~~~~~~~~[m[K
[1.903s] [01m[K/usr/include/gz/transport12/gz/transport/Node.hh:331:12:[m[K [01;36m[Knote: [m[K  template argument deduction/substitution failed:
[1.903s] [01m[K/home/hollis/osu-uwrt/riptide_software/src/riptide_gazebo/Assets/Plugins/uwrt_gz/src/MoveEntity.cc:89:21:[m[K [01;36m[Knote: [m[K  mismatched types â€˜[01m[Kvoid (ClassT::*)(const MessageT&, const gz::transport::v12::MessageInfo&)[m[Kâ€™ and â€˜[01m[Kstd::_Bind<void (move_entity::MoveEntity::*(move_entity::MoveEntity*))(const gz::msgs::Vector3d&)>[m[Kâ€™
[1.903s]    89 |   if(![01;36m[Knode.Subscribe(orentation_sub_topic, std::bind(&move_entity::MoveEntity::PositionSubCallback, this), this)[m[K){
[1.903s]       |       [01;36m[K~~~~~~~~~~~~~~^~~~~~~~~~~~~~~~~~~~~~~~~~~~~~~~~~~~~~~~~~~~~~~~~~~~~~~~~~~~~~~~~~~~~~~~~~~~~~~~~~~~~~~~~~~~[m[K
[1.903s] [01m[K/home/hollis/osu-uwrt/riptide_software/src/riptide_gazebo/Assets/Plugins/uwrt_gz/src/MoveEntity.cc:63:48:[m[K [01;35m[Kwarning: [m[Kunused parameter â€˜[01m[K_sdf[m[Kâ€™ [[01;35m[K]8;;https://gcc.gnu.org/onlinedocs/gcc/Warning-Options.html#index-Wunused-parameter-Wunused-parameter]8;;[m[K]
[1.903s]    63 |     [01;35m[Kconst std::shared_ptr<const sdf::Element> &_sdf[m[K,
[1.903s]       |     [01;35m[K~~~~~~~~~~~~~~~~~~~~~~~~~~~~~~~~~~~~~~~~~~~^~~~[m[K
[1.903s] [01m[K/home/hollis/osu-uwrt/riptide_software/src/riptide_gazebo/Assets/Plugins/uwrt_gz/src/MoveEntity.cc:[m[K In member function â€˜[01m[Kvirtual void move_entity::MoveEntity::PreUpdate(const gz::sim::v7::UpdateInfo&, gz::sim::v7::EntityComponentManager&)[m[Kâ€™:
[1.903s] [01m[K/home/hollis/osu-uwrt/riptide_software/src/riptide_gazebo/Assets/Plugins/uwrt_gz/src/MoveEntity.cc:99:55:[m[K [01;35m[Kwarning: [m[Kunused parameter â€˜[01m[K_info[m[Kâ€™ [[01;35m[K]8;;https://gcc.gnu.org/onlinedocs/gcc/Warning-Options.html#index-Wunused-parameter-Wunused-parameter]8;;[m[K]
[1.903s]    99 | void MoveEntity::PreUpdate([01;35m[Kconst gz::sim::UpdateInfo &_info[m[K,
[1.903s]       |                            [01;35m[K~~~~~~~~~~~~~~~~~~~~~~~~~~~^~~~~[m[K
[2.236s] gmake[2]: *** [CMakeFiles/MoveEntity.dir/build.make:76: CMakeFiles/MoveEntity.dir/src/MoveEntity.cc.o] Error 1
[2.236s] gmake[1]: *** [CMakeFiles/Makefile2:137: CMakeFiles/MoveEntity.dir/all] Error 2
[2.236s] gmake: *** [Makefile:146: all] Error 2
[2.238s] Invoked command in '/home/hollis/osu-uwrt/riptide_software/src/riptide_gazebo/Assets/Plugins/build/uwrt_gz' returned '2': CMAKE_PREFIX_PATH=${CMAKE_PREFIX_PATH}:/home/hollis/osu-uwrt/dependencies/install/microstrain_inertial_rqt:/home/hollis/osu-uwrt/dependencies/install/echo_video:/home/hollis/osu-uwrt/dependencies/install/camera_calibration:/home/hollis/osu-uwrt/riptide_software/install/riptide_teleop2:/home/hollis/osu-uwrt/riptide_software/install/riptide_rqt_plugins2:/home/hollis/osu-uwrt/riptide_software/install/riptide_hardware2:/home/hollis/osu-uwrt/riptide_software/install/riptide_controllers2:/home/hollis/osu-uwrt/riptide_software/install/riptide_mapping2:/home/hollis/osu-uwrt/riptide_software/install/riptide_localization2:/home/hollis/osu-uwrt/riptide_software/install/riptide_bringup2:/home/hollis/osu-uwrt/riptide_software/install/riptide_SNIB:/opt/ros/humble /usr/bin/cmake --build /home/hollis/osu-uwrt/riptide_software/src/riptide_gazebo/Assets/Plugins/build/uwrt_gz -- -j20 -l20
