[0.011s] Invoking command in '/home/hollis/osu-uwrt/riptide_software/src/riptide_gazebo/Assets/Plugins/build/SampleSystem': /usr/bin/cmake --build /home/hollis/osu-uwrt/riptide_software/src/riptide_gazebo/Assets/Plugins/build/SampleSystem -- -j20 -l20
[0.039s] [35m[1mConsolidate compiler generated dependencies of target SampleSystem[0m
[0.048s] [ 50%] [32mBuilding CXX object CMakeFiles/SampleSystem.dir/SampleSystem.cpp.o[0m
[0.726s] [01m[K/home/hollis/osu-uwrt/riptide_software/src/riptide_gazebo/Assets/Plugins/TempestPose/SampleSystem.cpp:[m[K In member function â€˜[01m[Kvirtual void uwrt_gz::MyPlugin::PostUpdate(const gz::sim::v7::UpdateInfo&, const gz::sim::v7::EntityComponentManager&)[m[Kâ€™:
[0.726s] [01m[K/home/hollis/osu-uwrt/riptide_software/src/riptide_gazebo/Assets/Plugins/TempestPose/SampleSystem.cpp:36:27:[m[K [01;31m[Kerror: [m[Kâ€˜[01m[KworldPose[m[Kâ€™ is not a member of â€˜[01m[Kgz::sim[m[Kâ€™
[0.726s]    36 |     std::cout << gz::sim::[01;31m[KworldPose[m[K(this->linkEntity, _ecm) << std::endl;
[0.726s]       |                           [01;31m[K^~~~~~~~~[m[K
[0.726s] [01m[K/home/hollis/osu-uwrt/riptide_software/src/riptide_gazebo/Assets/Plugins/TempestPose/SampleSystem.cpp:[m[K At global scope:
[0.726s] [01m[K/home/hollis/osu-uwrt/riptide_software/src/riptide_gazebo/Assets/Plugins/TempestPose/SampleSystem.cpp:51:1:[m[K [01;31m[Kerror: [m[Kexpected constructor, destructor, or type conversion before â€˜[01m[KGZ_ADD_PLUGIN_ALIAS[m[Kâ€™
[0.726s]    51 | [01;31m[KGZ_ADD_PLUGIN_ALIAS[m[K(uwrt_gz::MyPlugin, "gz::sim::systems::MyPlugin")
[0.726s]       | [01;31m[K^~~~~~~~~~~~~~~~~~~[m[K
[0.866s] gmake[2]: *** [CMakeFiles/SampleSystem.dir/build.make:76: CMakeFiles/SampleSystem.dir/SampleSystem.cpp.o] Error 1
[0.866s] gmake[1]: *** [CMakeFiles/Makefile2:83: CMakeFiles/SampleSystem.dir/all] Error 2
[0.867s] gmake: *** [Makefile:136: all] Error 2
[0.868s] Invoked command in '/home/hollis/osu-uwrt/riptide_software/src/riptide_gazebo/Assets/Plugins/build/SampleSystem' returned '2': /usr/bin/cmake --build /home/hollis/osu-uwrt/riptide_software/src/riptide_gazebo/Assets/Plugins/build/SampleSystem -- -j20 -l20
