[0.012s] Invoking command in '/home/hollis/osu-uwrt/riptide_software/src/riptide_gazebo/Assets/Plugins/build/uwrt_ros_gz': CMAKE_PREFIX_PATH=${CMAKE_PREFIX_PATH}:/home/hollis/osu-uwrt/dependencies/install/microstrain_inertial_rqt:/home/hollis/osu-uwrt/dependencies/install/echo_video:/home/hollis/osu-uwrt/dependencies/install/camera_calibration:/home/hollis/osu-uwrt/riptide_software/install/riptide_teleop2:/home/hollis/osu-uwrt/riptide_software/install/riptide_rqt_plugins2:/home/hollis/osu-uwrt/riptide_software/install/riptide_hardware2:/home/hollis/osu-uwrt/riptide_software/install/riptide_controllers2:/home/hollis/osu-uwrt/riptide_software/install/riptide_mapping2:/home/hollis/osu-uwrt/riptide_software/install/riptide_localization2:/home/hollis/osu-uwrt/riptide_software/install/riptide_bringup2:/home/hollis/osu-uwrt/riptide_software/install/riptide_SNIB:/opt/ros/humble /usr/bin/cmake --build /home/hollis/osu-uwrt/riptide_software/src/riptide_gazebo/Assets/Plugins/build/uwrt_ros_gz -- -j20 -l20
[0.036s] [35m[1mConsolidate compiler generated dependencies of target uwrt_ros_gz_bridge[0m
[0.051s] [ 50%] [32mBuilding CXX object CMakeFiles/uwrt_ros_gz_bridge.dir/src/bridge.cpp.o[0m
[2.261s] [01m[K/home/hollis/osu-uwrt/riptide_software/src/riptide_gazebo/Assets/Plugins/uwrt_ros_gz/src/bridge.cpp:[m[K In constructor â€˜[01m[Kuwrt_ros_gz::BridgeNode::BridgeNode()[m[Kâ€™:
[2.261s] [01m[K/home/hollis/osu-uwrt/riptide_software/src/riptide_gazebo/Assets/Plugins/uwrt_ros_gz/src/bridge.cpp:25:79:[m[K [01;31m[Kerror: [m[Kno matching function for call to â€˜[01m[Kgz::transport::v12::Node::Advertise<gz::msgs::StringMsg>(gz::transport::v12::Node::Publisher&)[m[Kâ€™
[2.261s]    25 |             gz_tempest_pose_publisher = [01;31m[Kgz_node.Advertise<gz::msgs::StringMsg>(gz_tempest_pose_publisher)[m[K;
[2.261s]       |                                         [01;31m[K~~~~~~~~~~~~~~~~~~~~~~~~~~~~~~~~~~~~~~^~~~~~~~~~~~~~~~~~~~~~~~~~~[m[K
[2.261s] In file included from [01m[K/usr/include/gz/transport12/gz/transport/Node.hh:773[m[K,
[2.261s]                  from [01m[K/usr/include/gz/transport12/gz/transport.hh:31[m[K,
[2.261s]                  from [01m[K/home/hollis/osu-uwrt/riptide_software/src/riptide_gazebo/Assets/Plugins/uwrt_ros_gz/src/bridge.cpp:9[m[K:
[2.261s] [01m[K/usr/include/gz/transport12/gz/transport/detail/Node.hh:32:21:[m[K [01;36m[Knote: [m[Kcandidate: â€˜[01m[Kgz::transport::v12::Node::Publisher gz::transport::v12::Node::Advertise(const string&, const gz::transport::v12::AdvertiseMessageOptions&) [with MessageT = gz::msgs::StringMsg; std::string = std::__cxx11::basic_string<char>][m[Kâ€™
[2.261s]    32 |     Node::Publisher [01;36m[KNode[m[K::Advertise(
[2.261s]       |                     [01;36m[K^~~~[m[K
[2.262s] [01m[K/usr/include/gz/transport12/gz/transport/detail/Node.hh:33:28:[m[K [01;36m[Knote: [m[K  no known conversion for argument 1 from â€˜[01m[Kgz::transport::v12::Node::Publisher[m[Kâ€™ to â€˜[01m[Kconst string&[m[Kâ€™ {aka â€˜[01m[Kconst std::__cxx11::basic_string<char>&[m[Kâ€™}
[2.262s]    33 |         [01;36m[Kconst std::string &_topic[m[K,
[2.262s]       |         [01;36m[K~~~~~~~~~~~~~~~~~~~^~~~~~[m[K
[2.262s] In file included from [01m[K/usr/include/gz/transport12/gz/transport.hh:31[m[K,
[2.262s]                  from [01m[K/home/hollis/osu-uwrt/riptide_software/src/riptide_gazebo/Assets/Plugins/uwrt_ros_gz/src/bridge.cpp:9[m[K:
[2.262s] [01m[K/usr/include/gz/transport12/gz/transport/Node.hh:363:12:[m[K [01;36m[Knote: [m[Kcandidate: â€˜[01m[Ktemplate<class RequestT, class ReplyT> bool gz::transport::v12::Node::Advertise(const string&, bool (*)(const RequestT&, ReplyT&), const gz::transport::v12::AdvertiseServiceOptions&)[m[Kâ€™
[2.262s]   363 |       bool [01;36m[KAdvertise[m[K(
[2.262s]       |            [01;36m[K^~~~~~~~~[m[K
[2.262s] [01m[K/usr/include/gz/transport12/gz/transport/Node.hh:363:12:[m[K [01;36m[Knote: [m[K  template argument deduction/substitution failed:
[2.262s] [01m[K/home/hollis/osu-uwrt/riptide_software/src/riptide_gazebo/Assets/Plugins/uwrt_ros_gz/src/bridge.cpp:25:79:[m[K [01;36m[Knote: [m[K  candidate expects 3 arguments, 1 provided
[2.262s]    25 |             gz_tempest_pose_publisher = [01;36m[Kgz_node.Advertise<gz::msgs::StringMsg>(gz_tempest_pose_publisher)[m[K;
[2.262s]       |                                         [01;36m[K~~~~~~~~~~~~~~~~~~~~~~~~~~~~~~~~~~~~~~^~~~~~~~~~~~~~~~~~~~~~~~~~~[m[K
[2.262s] In file included from [01m[K/usr/include/gz/transport12/gz/transport/Node.hh:773[m[K,
[2.262s]                  from [01m[K/usr/include/gz/transport12/gz/transport.hh:31[m[K,
[2.262s]                  from [01m[K/home/hollis/osu-uwrt/riptide_software/src/riptide_gazebo/Assets/Plugins/uwrt_ros_gz/src/bridge.cpp:9[m[K:
[2.262s] [01m[K/usr/include/gz/transport12/gz/transport/detail/Node.hh:195:10:[m[K [01;36m[Knote: [m[Kcandidate: â€˜[01m[Kbool gz::transport::v12::Node::Advertise(const string&, bool (*)(ReplyT&), const gz::transport::v12::AdvertiseServiceOptions&) [with ReplyT = gz::msgs::StringMsg; std::string = std::__cxx11::basic_string<char>][m[Kâ€™
[2.262s]   195 |     bool [01;36m[KNode[m[K::Advertise(
[2.262s]       |          [01;36m[K^~~~[m[K
[2.262s] [01m[K/usr/include/gz/transport12/gz/transport/detail/Node.hh:195:10:[m[K [01;36m[Knote: [m[K  candidate expects 3 arguments, 1 provided
[2.262s] [01m[K/usr/include/gz/transport12/gz/transport/detail/Node.hh:210:10:[m[K [01;36m[Knote: [m[Kcandidate: â€˜[01m[Kbool gz::transport::v12::Node::Advertise(const string&, void (*)(const RequestT&), const gz::transport::v12::AdvertiseServiceOptions&) [with RequestT = gz::msgs::StringMsg; std::string = std::__cxx11::basic_string<char>][m[Kâ€™
[2.262s]   210 |     bool [01;36m[KNode[m[K::Advertise(
[2.262s]       |          [01;36m[K^~~~[m[K
[2.262s] [01m[K/usr/include/gz/transport12/gz/transport/detail/Node.hh:210:10:[m[K [01;36m[Knote: [m[K  candidate expects 3 arguments, 1 provided
[2.262s] In file included from [01m[K/usr/include/gz/transport12/gz/transport.hh:31[m[K,
[2.262s]                  from [01m[K/home/hollis/osu-uwrt/riptide_software/src/riptide_gazebo/Assets/Plugins/uwrt_ros_gz/src/bridge.cpp:9[m[K:
[2.262s] [01m[K/usr/include/gz/transport12/gz/transport/Node.hh:414:12:[m[K [01;36m[Knote: [m[Kcandidate: â€˜[01m[Ktemplate<class RequestT, class ReplyT> bool gz::transport::v12::Node::Advertise(const string&, std::function<bool(const Req&, Rep&)>, const gz::transport::v12::AdvertiseServiceOptions&)[m[Kâ€™
[2.262s]   414 |       bool [01;36m[KAdvertise[m[K(
[2.262s]       |            [01;36m[K^~~~~~~~~[m[K
[2.262s] [01m[K/usr/include/gz/transport12/gz/transport/Node.hh:414:12:[m[K [01;36m[Knote: [m[K  template argument deduction/substitution failed:
[2.262s] [01m[K/home/hollis/osu-uwrt/riptide_software/src/riptide_gazebo/Assets/Plugins/uwrt_ros_gz/src/bridge.cpp:25:79:[m[K [01;36m[Knote: [m[K  candidate expects 3 arguments, 1 provided
[2.262s]    25 |             gz_tempest_pose_publisher = [01;36m[Kgz_node.Advertise<gz::msgs::StringMsg>(gz_tempest_pose_publisher)[m[K;
[2.262s]       |                                         [01;36m[K~~~~~~~~~~~~~~~~~~~~~~~~~~~~~~~~~~~~~~^~~~~~~~~~~~~~~~~~~~~~~~~~~[m[K
[2.262s] In file included from [01m[K/usr/include/gz/transport12/gz/transport/Node.hh:773[m[K,
[2.262s]                  from [01m[K/usr/include/gz/transport12/gz/transport.hh:31[m[K,
[2.262s]                  from [01m[K/home/hollis/osu-uwrt/riptide_software/src/riptide_gazebo/Assets/Plugins/uwrt_ros_gz/src/bridge.cpp:9[m[K:
[2.263s] [01m[K/usr/include/gz/transport12/gz/transport/detail/Node.hh:285:10:[m[K [01;36m[Knote: [m[Kcandidate: â€˜[01m[Kbool gz::transport::v12::Node::Advertise(const string&, std::function<bool(ReplyT&)>&, const gz::transport::v12::AdvertiseServiceOptions&) [with ReplyT = gz::msgs::StringMsg; std::string = std::__cxx11::basic_string<char>][m[Kâ€™
[2.263s]   285 |     bool [01;36m[KNode[m[K::Advertise(
[2.263s]       |          [01;36m[K^~~~[m[K
[2.263s] [01m[K/usr/include/gz/transport12/gz/transport/detail/Node.hh:285:10:[m[K [01;36m[Knote: [m[K  candidate expects 3 arguments, 1 provided
[2.263s] [01m[K/usr/include/gz/transport12/gz/transport/detail/Node.hh:300:10:[m[K [01;36m[Knote: [m[Kcandidate: â€˜[01m[Kbool gz::transport::v12::Node::Advertise(const string&, std::function<void(const T&)>&, const gz::transport::v12::AdvertiseServiceOptions&) [with RequestT = gz::msgs::StringMsg; std::string = std::__cxx11::basic_string<char>][m[Kâ€™
[2.263s]   300 |     bool [01;36m[KNode[m[K::Advertise(
[2.263s]       |          [01;36m[K^~~~[m[K
[2.263s] [01m[K/usr/include/gz/transport12/gz/transport/detail/Node.hh:300:10:[m[K [01;36m[Knote: [m[K  candidate expects 3 arguments, 1 provided
[2.263s] In file included from [01m[K/usr/include/gz/transport12/gz/transport.hh:31[m[K,
[2.263s]                  from [01m[K/home/hollis/osu-uwrt/riptide_software/src/riptide_gazebo/Assets/Plugins/uwrt_ros_gz/src/bridge.cpp:9[m[K:
[2.263s] [01m[K/usr/include/gz/transport12/gz/transport/Node.hh:467:12:[m[K [01;36m[Knote: [m[Kcandidate: â€˜[01m[Ktemplate<class ClassT, class RequestT, class ReplyT> bool gz::transport::v12::Node::Advertise(const string&, bool (ClassT::*)(const RequestT&, ReplyT&), ClassT*, const gz::transport::v12::AdvertiseServiceOptions&)[m[Kâ€™
[2.263s]   467 |       bool [01;36m[KAdvertise[m[K(
[2.263s]       |            [01;36m[K^~~~~~~~~[m[K
[2.263s] [01m[K/usr/include/gz/transport12/gz/transport/Node.hh:467:12:[m[K [01;36m[Knote: [m[K  template argument deduction/substitution failed:
[2.263s] [01m[K/home/hollis/osu-uwrt/riptide_software/src/riptide_gazebo/Assets/Plugins/uwrt_ros_gz/src/bridge.cpp:25:79:[m[K [01;36m[Knote: [m[K  candidate expects 4 arguments, 1 provided
[2.263s]    25 |             gz_tempest_pose_publisher = [01;36m[Kgz_node.Advertise<gz::msgs::StringMsg>(gz_tempest_pose_publisher)[m[K;
[2.263s]       |                                         [01;36m[K~~~~~~~~~~~~~~~~~~~~~~~~~~~~~~~~~~~~~~^~~~~~~~~~~~~~~~~~~~~~~~~~~[m[K
[2.263s] In file included from [01m[K/usr/include/gz/transport12/gz/transport.hh:31[m[K,
[2.263s]                  from [01m[K/home/hollis/osu-uwrt/riptide_software/src/riptide_gazebo/Assets/Plugins/uwrt_ros_gz/src/bridge.cpp:9[m[K:
[2.263s] [01m[K/usr/include/gz/transport12/gz/transport/Node.hh:486:12:[m[K [01;36m[Knote: [m[Kcandidate: â€˜[01m[Ktemplate<class ClassT, class ReplyT> bool gz::transport::v12::Node::Advertise(const string&, bool (ClassT::*)(ReplyT&), ClassT*, const gz::transport::v12::AdvertiseServiceOptions&)[m[Kâ€™
[2.263s]   486 |       bool [01;36m[KAdvertise[m[K(
[2.263s]       |            [01;36m[K^~~~~~~~~[m[K
[2.263s] [01m[K/usr/include/gz/transport12/gz/transport/Node.hh:486:12:[m[K [01;36m[Knote: [m[K  template argument deduction/substitution failed:
[2.263s] [01m[K/home/hollis/osu-uwrt/riptide_software/src/riptide_gazebo/Assets/Plugins/uwrt_ros_gz/src/bridge.cpp:25:79:[m[K [01;36m[Knote: [m[K  candidate expects 4 arguments, 1 provided
[2.263s]    25 |             gz_tempest_pose_publisher = [01;36m[Kgz_node.Advertise<gz::msgs::StringMsg>(gz_tempest_pose_publisher)[m[K;
[2.263s]       |                                         [01;36m[K~~~~~~~~~~~~~~~~~~~~~~~~~~~~~~~~~~~~~~^~~~~~~~~~~~~~~~~~~~~~~~~~~[m[K
[2.263s] In file included from [01m[K/usr/include/gz/transport12/gz/transport.hh:31[m[K,
[2.263s]                  from [01m[K/home/hollis/osu-uwrt/riptide_software/src/riptide_gazebo/Assets/Plugins/uwrt_ros_gz/src/bridge.cpp:9[m[K:
[2.263s] [01m[K/usr/include/gz/transport12/gz/transport/Node.hh:504:12:[m[K [01;36m[Knote: [m[Kcandidate: â€˜[01m[Ktemplate<class ClassT, class RequestT> bool gz::transport::v12::Node::Advertise(const string&, void (ClassT::*)(const RequestT&), ClassT*, const gz::transport::v12::AdvertiseServiceOptions&)[m[Kâ€™
[2.263s]   504 |       bool [01;36m[KAdvertise[m[K(
[2.263s]       |            [01;36m[K^~~~~~~~~[m[K
[2.263s] [01m[K/usr/include/gz/transport12/gz/transport/Node.hh:504:12:[m[K [01;36m[Knote: [m[K  template argument deduction/substitution failed:
[2.263s] [01m[K/home/hollis/osu-uwrt/riptide_software/src/riptide_gazebo/Assets/Plugins/uwrt_ros_gz/src/bridge.cpp:25:79:[m[K [01;36m[Knote: [m[K  candidate expects 4 arguments, 1 provided
[2.263s]    25 |             gz_tempest_pose_publisher = [01;36m[Kgz_node.Advertise<gz::msgs::StringMsg>(gz_tempest_pose_publisher)[m[K;
[2.263s]       |                                         [01;36m[K~~~~~~~~~~~~~~~~~~~~~~~~~~~~~~~~~~~~~~^~~~~~~~~~~~~~~~~~~~~~~~~~~[m[K
[2.263s] [01m[K/home/hollis/osu-uwrt/riptide_software/src/riptide_gazebo/Assets/Plugins/uwrt_ros_gz/src/bridge.cpp:[m[K In member function â€˜[01m[Kvoid uwrt_ros_gz::BridgeNode::publishToGazebo(std::string)[m[Kâ€™:
[2.263s] [01m[K/home/hollis/osu-uwrt/riptide_software/src/riptide_gazebo/Assets/Plugins/uwrt_ros_gz/src/bridge.cpp:39:17:[m[K [01;31m[Kerror: [m[Kâ€˜[01m[Kclass gz::msgs::Pose[m[Kâ€™ has no member named â€˜[01m[Kset_data[m[Kâ€™
[2.263s]    39 |             msg.[01;31m[Kset_data[m[K(Msg_Data);
[2.263s]       |                 [01;31m[K^~~~~~~~[m[K
[2.625s] gmake[2]: *** [CMakeFiles/uwrt_ros_gz_bridge.dir/build.make:76: CMakeFiles/uwrt_ros_gz_bridge.dir/src/bridge.cpp.o] Error 1
[2.625s] gmake[1]: *** [CMakeFiles/Makefile2:137: CMakeFiles/uwrt_ros_gz_bridge.dir/all] Error 2
[2.626s] gmake: *** [Makefile:146: all] Error 2
[2.628s] Invoked command in '/home/hollis/osu-uwrt/riptide_software/src/riptide_gazebo/Assets/Plugins/build/uwrt_ros_gz' returned '2': CMAKE_PREFIX_PATH=${CMAKE_PREFIX_PATH}:/home/hollis/osu-uwrt/dependencies/install/microstrain_inertial_rqt:/home/hollis/osu-uwrt/dependencies/install/echo_video:/home/hollis/osu-uwrt/dependencies/install/camera_calibration:/home/hollis/osu-uwrt/riptide_software/install/riptide_teleop2:/home/hollis/osu-uwrt/riptide_software/install/riptide_rqt_plugins2:/home/hollis/osu-uwrt/riptide_software/install/riptide_hardware2:/home/hollis/osu-uwrt/riptide_software/install/riptide_controllers2:/home/hollis/osu-uwrt/riptide_software/install/riptide_mapping2:/home/hollis/osu-uwrt/riptide_software/install/riptide_localization2:/home/hollis/osu-uwrt/riptide_software/install/riptide_bringup2:/home/hollis/osu-uwrt/riptide_software/install/riptide_SNIB:/opt/ros/humble /usr/bin/cmake --build /home/hollis/osu-uwrt/riptide_software/src/riptide_gazebo/Assets/Plugins/build/uwrt_ros_gz -- -j20 -l20
