[35m[1mConsolidate compiler generated dependencies of target SampleSystem[0m
[ 50%] [32mBuilding CXX object CMakeFiles/SampleSystem.dir/SampleSystem.cpp.o[0m
[01m[K/home/hollis/osu-uwrt/riptide_software/src/riptide_gazebo/Assets/Plugins/TempestPose/SampleSystem.cpp:[m[K In member function â€˜[01m[Kvirtual void uwrt_gz::MyPlugin::Configure(const Entity&, const std::shared_ptr<const sdf::v13::Element>&, gz::sim::v7::EntityComponentManager&, gz::sim::v7::EventManager&)[m[Kâ€™:
[01m[K/home/hollis/osu-uwrt/riptide_software/src/riptide_gazebo/Assets/Plugins/TempestPose/SampleSystem.cpp:25:27:[m[K [01;31m[Kerror: [m[Kâ€˜[01m[KModel[m[Kâ€™ is not a member of â€˜[01m[Kgz::sim[m[Kâ€™
   25 |     auto model = gz::sim::[01;31m[KModel[m[K(_entity);
      |                           [01;31m[K^~~~~[m[K
[01m[K/home/hollis/osu-uwrt/riptide_software/src/riptide_gazebo/Assets/Plugins/TempestPose/SampleSystem.cpp:[m[K In member function â€˜[01m[Kvirtual void uwrt_gz::MyPlugin::PostUpdate(const gz::sim::v7::UpdateInfo&, const gz::sim::v7::EntityComponentManager&)[m[Kâ€™:
[01m[K/home/hollis/osu-uwrt/riptide_software/src/riptide_gazebo/Assets/Plugins/TempestPose/SampleSystem.cpp:35:27:[m[K [01;31m[Kerror: [m[Kâ€˜[01m[KworldPose[m[Kâ€™ is not a member of â€˜[01m[Kgz::sim[m[Kâ€™
   35 |     std::cout << gz::sim::[01;31m[KworldPose[m[K(this->linkEntity, _ecm) << std::endl;
      |                           [01;31m[K^~~~~~~~~[m[K
[01m[K/home/hollis/osu-uwrt/riptide_software/src/riptide_gazebo/Assets/Plugins/TempestPose/SampleSystem.cpp:[m[K At global scope:
[01m[K/home/hollis/osu-uwrt/riptide_software/src/riptide_gazebo/Assets/Plugins/TempestPose/SampleSystem.cpp:50:1:[m[K [01;31m[Kerror: [m[Kexpected constructor, destructor, or type conversion before â€˜[01m[KGZ_ADD_PLUGIN_ALIAS[m[Kâ€™
   50 | [01;31m[KGZ_ADD_PLUGIN_ALIAS[m[K(uwrt_gz::MyPlugin, "gz::sim::systems::MyPlugin")
      | [01;31m[K^~~~~~~~~~~~~~~~~~~[m[K
gmake[2]: *** [CMakeFiles/SampleSystem.dir/build.make:76: CMakeFiles/SampleSystem.dir/SampleSystem.cpp.o] Error 1
gmake[1]: *** [CMakeFiles/Makefile2:83: CMakeFiles/SampleSystem.dir/all] Error 2
gmake: *** [Makefile:136: all] Error 2
