[0.022s] Invoking command in '/home/hollis/osu-uwrt/riptide_software/src/riptide_gazebo/Assets/Plugins/build/uwrt_ros_gz': CMAKE_PREFIX_PATH=${CMAKE_PREFIX_PATH}:/home/hollis/osu-uwrt/dependencies/install/microstrain_inertial_rqt:/home/hollis/osu-uwrt/dependencies/install/echo_video:/home/hollis/osu-uwrt/dependencies/install/camera_calibration:/home/hollis/osu-uwrt/riptide_software/install/riptide_teleop2:/home/hollis/osu-uwrt/riptide_software/install/riptide_rqt_plugins2:/home/hollis/osu-uwrt/riptide_software/install/riptide_hardware2:/home/hollis/osu-uwrt/riptide_software/install/riptide_controllers2:/home/hollis/osu-uwrt/riptide_software/install/riptide_mapping2:/home/hollis/osu-uwrt/riptide_software/install/riptide_localization2:/home/hollis/osu-uwrt/riptide_software/install/riptide_bringup2:/home/hollis/osu-uwrt/riptide_software/install/riptide_SNIB:/opt/ros/humble /usr/bin/cmake --build /home/hollis/osu-uwrt/riptide_software/src/riptide_gazebo/Assets/Plugins/build/uwrt_ros_gz -- -j20 -l20
[0.047s] [35m[1mConsolidate compiler generated dependencies of target uwrt_ros_gz_bridge[0m
[0.060s] [ 50%] [32mBuilding CXX object CMakeFiles/uwrt_ros_gz_bridge.dir/src/bridge.cpp.o[0m
[2.278s] [01m[K/home/hollis/osu-uwrt/riptide_software/src/riptide_gazebo/Assets/Plugins/uwrt_ros_gz/src/bridge.cpp:[m[K In member function â€˜[01m[Kvoid uwrt_ros_gz::BridgeNode::publishToGazebo()[m[Kâ€™:
[2.278s] [01m[K/home/hollis/osu-uwrt/riptide_software/src/riptide_gazebo/Assets/Plugins/uwrt_ros_gz/src/bridge.cpp:60:17:[m[K [01;31m[Kerror: [m[Kâ€˜[01m[Kstring[m[Kâ€™ was not declared in this scope
[2.278s]    60 |             std:[01;31m[Kstring[m[K pose_name = "tempest_pose";
[2.278s]       |                 [01;31m[K^~~~~~[m[K
[2.278s] [01m[K/home/hollis/osu-uwrt/riptide_software/src/riptide_gazebo/Assets/Plugins/uwrt_ros_gz/src/bridge.cpp:60:17:[m[K [01;36m[Knote: [m[Ksuggested alternatives:
[2.278s] In file included from [01m[K/usr/include/c++/11/string:39[m[K,
[2.278s]                  from [01m[K/home/hollis/osu-uwrt/riptide_software/src/riptide_gazebo/Assets/Plugins/uwrt_ros_gz/src/bridge.cpp:1[m[K:
[2.278s] [01m[K/usr/include/c++/11/bits/stringfwd.h:79:33:[m[K [01;36m[Knote: [m[K  â€˜[01m[Kstd::string[m[Kâ€™
[2.278s]    79 |   typedef basic_string<char>    [01;36m[Kstring[m[K;
[2.278s]       |                                 [01;36m[K^~~~~~[m[K
[2.278s] In file included from [01m[K/home/hollis/osu-uwrt/riptide_software/src/riptide_gazebo/Assets/Plugins/uwrt_ros_gz/src/bridge.cpp:1[m[K:
[2.278s] [01m[K/usr/include/c++/11/string:67:11:[m[K [01;36m[Knote: [m[K  â€˜[01m[Kstd::pmr::string[m[Kâ€™
[2.278s]    67 |     using [01;36m[Kstring[m[K    = basic_string<char>;
[2.279s]       |           [01;36m[K^~~~~~[m[K
[2.279s] In file included from [01m[K/usr/include/c++/11/string:39[m[K,
[2.279s]                  from [01m[K/home/hollis/osu-uwrt/riptide_software/src/riptide_gazebo/Assets/Plugins/uwrt_ros_gz/src/bridge.cpp:1[m[K:
[2.279s] [01m[K/usr/include/c++/11/bits/stringfwd.h:79:33:[m[K [01;36m[Knote: [m[K  â€˜[01m[Kstd::string[m[Kâ€™
[2.279s]    79 |   typedef basic_string<char>    [01;36m[Kstring[m[K;
[2.279s]       |                                 [01;36m[K^~~~~~[m[K
[2.283s] [01m[K/home/hollis/osu-uwrt/riptide_software/src/riptide_gazebo/Assets/Plugins/uwrt_ros_gz/src/bridge.cpp:66:27:[m[K [01;31m[Kerror: [m[Kâ€˜[01m[Kpose_name[m[Kâ€™ was not declared in this scope; did you mean â€˜[01m[Kptsname[m[Kâ€™?
[2.283s]    66 |             msg.set_name(*[01;31m[Kpose_name[m[K);
[2.283s]       |                           [01;31m[K^~~~~~~~~[m[K
[2.283s]       |                           [32m[Kptsname[m[K
[2.283s] [01m[K/home/hollis/osu-uwrt/riptide_software/src/riptide_gazebo/Assets/Plugins/uwrt_ros_gz/src/bridge.cpp:60:13:[m[K [01;35m[Kwarning: [m[Klabel â€˜[01m[Kstd[m[Kâ€™ defined but not used [[01;35m[K]8;;https://gcc.gnu.org/onlinedocs/gcc/Warning-Options.html#index-Wunused-label-Wunused-label]8;;[m[K]
[2.283s]    60 |             [01;35m[Kstd[m[K:string pose_name = "tempest_pose";
[2.283s]       |             [01;35m[K^~~[m[K
[2.668s] gmake[2]: *** [CMakeFiles/uwrt_ros_gz_bridge.dir/build.make:76: CMakeFiles/uwrt_ros_gz_bridge.dir/src/bridge.cpp.o] Error 1
[2.668s] gmake[1]: *** [CMakeFiles/Makefile2:137: CMakeFiles/uwrt_ros_gz_bridge.dir/all] Error 2
[2.668s] gmake: *** [Makefile:146: all] Error 2
[2.671s] Invoked command in '/home/hollis/osu-uwrt/riptide_software/src/riptide_gazebo/Assets/Plugins/build/uwrt_ros_gz' returned '2': CMAKE_PREFIX_PATH=${CMAKE_PREFIX_PATH}:/home/hollis/osu-uwrt/dependencies/install/microstrain_inertial_rqt:/home/hollis/osu-uwrt/dependencies/install/echo_video:/home/hollis/osu-uwrt/dependencies/install/camera_calibration:/home/hollis/osu-uwrt/riptide_software/install/riptide_teleop2:/home/hollis/osu-uwrt/riptide_software/install/riptide_rqt_plugins2:/home/hollis/osu-uwrt/riptide_software/install/riptide_hardware2:/home/hollis/osu-uwrt/riptide_software/install/riptide_controllers2:/home/hollis/osu-uwrt/riptide_software/install/riptide_mapping2:/home/hollis/osu-uwrt/riptide_software/install/riptide_localization2:/home/hollis/osu-uwrt/riptide_software/install/riptide_bringup2:/home/hollis/osu-uwrt/riptide_software/install/riptide_SNIB:/opt/ros/humble /usr/bin/cmake --build /home/hollis/osu-uwrt/riptide_software/src/riptide_gazebo/Assets/Plugins/build/uwrt_ros_gz -- -j20 -l20
